{"logTime": "1113/175331", "correlationVector":"dwWq5g1OGmZiEoO2EBYzb7.181","action":"GetUpdates", "result":"DeleteReceived", "context":{"id":"c51daab9-8ec6-4020-a635-99db5b185036", "isDeleted:":"true", "version":"1697284975390"}}
{"logTime": "1113/175331", "correlationVector":"dwWq5g1OGmZiEoO2EBYzb7.182","action":"GetUpdates", "result":"DeleteReceived", "context":{"id":"27c13f4c-9426-4baa-ae8a-fa4291116b41", "isDeleted:":"true", "version":"1697286218231"}}
{"logTime": "1113/175331", "correlationVector":"dwWq5g1OGmZiEoO2EBYzb7.183","action":"GetUpdates", "result":"DeleteReceived", "context":{"id":"7a3cc8d3-539e-4782-a722-1441ae5c20d0", "isDeleted:":"true", "version":"1697286803380"}}
{"logTime": "1113/175331", "correlationVector":"dwWq5g1OGmZiEoO2EBYzb7.184","action":"GetUpdates", "result":"DeleteReceived", "context":{"id":"eae0c7ac-4aec-4a4e-bd4b-654b25c65507", "isDeleted:":"true", "version":"1697287159311"}}
{"logTime": "1113/175331", "correlationVector":"dwWq5g1OGmZiEoO2EBYzb7.185","action":"GetUpdates", "result":"DeleteReceived", "context":{"id":"f47dab01-42a6-4649-86fb-299f6db617e2", "isDeleted:":"true", "version":"1697287518822"}}
{"logTime": "1113/175331", "correlationVector":"dwWq5g1OGmZiEoO2EBYzb7.186","action":"GetUpdates", "result":"DeleteReceived", "context":{"id":"30bae96c-c8f6-4b52-89bd-63a195d7746c", "isDeleted:":"true", "version":"1697287972228"}}
{"logTime": "1113/175331", "correlationVector":"dwWq5g1OGmZiEoO2EBYzb7.187","action":"GetUpdates", "result":"DeleteReceived", "context":{"id":"91e93e23-e079-4d1a-a388-bc65c2d26283", "isDeleted:":"true", "version":"1697288214387"}}
{"logTime": "1113/175331", "correlationVector":"dwWq5g1OGmZiEoO2EBYzb7.188","action":"GetUpdates", "result":"DeleteReceived", "context":{"id":"4ba3a7d8-627c-4ba0-9ec0-087138ddf172", "isDeleted:":"true", "version":"1697311969173"}}
{"logTime": "1113/175331", "correlationVector":"dwWq5g1OGmZiEoO2EBYzb7.189","action":"GetUpdates", "result":"DeleteReceived", "context":{"id":"e4855b11-f75e-441a-ac14-a78fb91040f1", "isDeleted:":"true", "version":"1697311969175"}}
{"logTime": "1113/175331", "correlationVector":"dwWq5g1OGmZiEoO2EBYzb7.190","action":"GetUpdates", "result":"DeleteReceived", "context":{"id":"a163e7d3-9d02-4126-8539-924d01457d10", "isDeleted:":"true", "version":"1697311969176"}}
{"logTime": "1113/175331", "correlationVector":"dwWq5g1OGmZiEoO2EBYzb7.191","action":"GetUpdates", "result":"DeleteReceived", "context":{"id":"3ff6ac63-3c69-47ea-a900-f554cc4a5ab1", "isDeleted:":"true", "version":"1697312712817"}}
{"logTime": "1113/175331", "correlationVector":"dwWq5g1OGmZiEoO2EBYzb7.192","action":"GetUpdates", "result":"DeleteReceived", "context":{"id":"c976de71-2983-4098-a987-2a5760147930", "isDeleted:":"true", "version":"1697314011415"}}
{"logTime": "1113/175331", "correlationVector":"dwWq5g1OGmZiEoO2EBYzb7.193","action":"GetUpdates", "result":"DeleteReceived", "context":{"id":"1accde4a-3e82-466c-ae08-c93bdbadf371", "isDeleted:":"true", "version":"1697314579357"}}
{"logTime": "1113/175331", "correlationVector":"dwWq5g1OGmZiEoO2EBYzb7.194","action":"GetUpdates", "result":"DeleteReceived", "context":{"id":"10c2bf3e-bc29-436d-ab2b-c04c53e9364e", "isDeleted:":"true", "version":"1697315090197"}}
{"logTime": "1113/175331", "correlationVector":"dwWq5g1OGmZiEoO2EBYzb7.195","action":"GetUpdates", "result":"DeleteReceived", "context":{"id":"28a3f9b9-f6f1-4a27-ae46-d35220491017", "isDeleted:":"true", "version":"1697356435560"}}
{"logTime": "1113/175331", "correlationVector":"dwWq5g1OGmZiEoO2EBYzb7.196","action":"GetUpdates", "result":"DeleteReceived", "context":{"id":"5ddd129a-eea5-4402-a4b3-de6adf6e7538", "isDeleted:":"true", "version":"1697357053876"}}
{"logTime": "1113/175331", "correlationVector":"dwWq5g1OGmZiEoO2EBYzb7.197","action":"GetUpdates", "result":"DeleteReceived", "context":{"id":"86906ebc-1ddf-4520-aebd-787ae8077eee", "isDeleted:":"true", "version":"1697357656105"}}
{"logTime": "1113/175331", "correlationVector":"dwWq5g1OGmZiEoO2EBYzb7.198","action":"GetUpdates", "result":"DeleteReceived", "context":{"id":"de9c890b-fc9d-4e6e-9c34-25eb22793e2d", "isDeleted:":"true", "version":"1697357947237"}}
{"logTime": "1113/175331", "correlationVector":"dwWq5g1OGmZiEoO2EBYzb7.199","action":"GetUpdates", "result":"DeleteReceived", "context":{"id":"ab6f1a15-c95f-4809-92a0-88b85fe406b4", "isDeleted:":"true", "version":"1697365439760"}}
{"logTime": "1113/175331", "correlationVector":"dwWq5g1OGmZiEoO2EBYzb7.200","action":"GetUpdates", "result":"DeleteReceived", "context":{"id":"dff77f13-4bec-46f8-9826-da2c94fd303c", "isDeleted:":"true", "version":"1697366662401"}}
{"logTime": "1113/175331", "correlationVector":"dwWq5g1OGmZiEoO2EBYzb7.201","action":"GetUpdates", "result":"DeleteReceived", "context":{"id":"53fcb1e0-84e0-404e-91e8-0e15d62f0317", "isDeleted:":"true", "version":"1697367963523"}}
{"logTime": "1113/175331", "correlationVector":"dwWq5g1OGmZiEoO2EBYzb7.202","action":"GetUpdates", "result":"DeleteReceived", "context":{"id":"d9218b5e-ee9e-450d-bd6b-813ae3928d51", "isDeleted:":"true", "version":"1697368992880"}}
{"logTime": "1113/175331", "correlationVector":"dwWq5g1OGmZiEoO2EBYzb7.203","action":"GetUpdates", "result":"DeleteReceived", "context":{"id":"eda3b66a-562d-4cd1-ac18-d7b0f6630beb", "isDeleted:":"true", "version":"1697369266047"}}
{"logTime": "1113/175331", "correlationVector":"dwWq5g1OGmZiEoO2EBYzb7.204","action":"GetUpdates", "result":"DeleteReceived", "context":{"id":"54a0ef5b-81b2-4290-8bef-06283ccac375", "isDeleted:":"true", "version":"1697370086401"}}
{"logTime": "1113/175331", "correlationVector":"dwWq5g1OGmZiEoO2EBYzb7.205","action":"GetUpdates", "result":"DeleteReceived", "context":{"id":"8b5c7c6a-fe95-4ff7-8dfe-55022e08d011", "isDeleted:":"true", "version":"1697370987726"}}
{"logTime": "1113/175331", "correlationVector":"dwWq5g1OGmZiEoO2EBYzb7.206","action":"GetUpdates", "result":"DeleteReceived", "context":{"id":"9d49ef4d-bb64-4dc0-b053-e56945344266", "isDeleted:":"true", "version":"1697371572035"}}
{"logTime": "1113/175331", "correlationVector":"dwWq5g1OGmZiEoO2EBYzb7.207","action":"GetUpdates", "result":"DeleteReceived", "context":{"id":"988bf911-d095-4dc4-afca-0636762d5c63", "isDeleted:":"true", "version":"1697371950094"}}
{"logTime": "1113/175331", "correlationVector":"dwWq5g1OGmZiEoO2EBYzb7.208","action":"GetUpdates", "result":"DeleteReceived", "context":{"id":"f1c85af5-ce99-4f13-8ea0-e0c72deffa8c", "isDeleted:":"true", "version":"1697372617721"}}
{"logTime": "1113/175331", "correlationVector":"dwWq5g1OGmZiEoO2EBYzb7.209","action":"GetUpdates", "result":"DeleteReceived", "context":{"id":"674898ef-0fd5-4fbc-b2ba-27001d43dc59", "isDeleted:":"true", "version":"1697372926254"}}
{"logTime": "1113/175331", "correlationVector":"dwWq5g1OGmZiEoO2EBYzb7.210","action":"GetUpdates", "result":"DeleteReceived", "context":{"id":"6210379d-c20c-46b1-adc5-1325d33e25a9", "isDeleted:":"true", "version":"1697373612241"}}
{"logTime": "1113/175331", "correlationVector":"dwWq5g1OGmZiEoO2EBYzb7.211","action":"GetUpdates", "result":"DeleteReceived", "context":{"id":"e9343cdc-542a-46ba-a491-ee15addb6362", "isDeleted:":"true", "version":"1697374054891"}}
{"logTime": "1113/175331", "correlationVector":"dwWq5g1OGmZiEoO2EBYzb7.212","action":"GetUpdates", "result":"DeleteReceived", "context":{"id":"886dcc75-25ac-4767-a46c-f27726aeaa40", "isDeleted:":"true", "version":"1697375858874"}}
{"logTime": "1113/175331", "correlationVector":"dwWq5g1OGmZiEoO2EBYzb7.213","action":"GetUpdates", "result":"DeleteReceived", "context":{"id":"52e6b3fe-9703-4fd7-844c-8de15fa42545", "isDeleted:":"true", "version":"1697376990590"}}
{"logTime": "1113/175331", "correlationVector":"dwWq5g1OGmZiEoO2EBYzb7.214","action":"GetUpdates", "result":"DeleteReceived", "context":{"id":"dda1462a-0557-4bdf-a65e-caa757014988", "isDeleted:":"true", "version":"1697377297925"}}
{"logTime": "1113/175331", "correlationVector":"dwWq5g1OGmZiEoO2EBYzb7.215","action":"GetUpdates", "result":"DeleteReceived", "context":{"id":"a1db9f5f-4ce0-4076-a67c-a880bb8e1994", "isDeleted:":"true", "version":"1697377514735"}}
{"logTime": "1113/175331", "correlationVector":"dwWq5g1OGmZiEoO2EBYzb7.216","action":"GetUpdates", "result":"DeleteReceived", "context":{"id":"5fcb3cb7-e73b-42c2-a9d0-526c97b35170", "isDeleted:":"true", "version":"1697379514401"}}
{"logTime": "1113/175331", "correlationVector":"dwWq5g1OGmZiEoO2EBYzb7.217","action":"GetUpdates", "result":"DeleteReceived", "context":{"id":"9f834cce-cc42-4560-8ac0-990d5e2f167c", "isDeleted:":"true", "version":"1697379705601"}}
{"logTime": "1113/175331", "correlationVector":"dwWq5g1OGmZiEoO2EBYzb7.218","action":"GetUpdates", "result":"DeleteReceived", "context":{"id":"19af166e-cd75-42d3-9b16-abe2adb1c083", "isDeleted:":"true", "version":"1697380045626"}}
{"logTime": "1113/175331", "correlationVector":"dwWq5g1OGmZiEoO2EBYzb7.219","action":"GetUpdates", "result":"DeleteReceived", "context":{"id":"b614c2ac-9984-4c5b-9b95-bbf3b8210ca9", "isDeleted:":"true", "version":"1697380536969"}}
{"logTime": "1113/175331", "correlationVector":"dwWq5g1OGmZiEoO2EBYzb7.220","action":"GetUpdates", "result":"DeleteReceived", "context":{"id":"6d971846-dd90-435f-888b-83058e9c4015", "isDeleted:":"true", "version":"1697380962816"}}
{"logTime": "1113/175331", "correlationVector":"dwWq5g1OGmZiEoO2EBYzb7.221","action":"GetUpdates", "result":"DeleteReceived", "context":{"id":"8687d9f9-2247-45ac-b006-104be79d9a10", "isDeleted:":"true", "version":"1697396149458"}}
{"logTime": "1113/175331", "correlationVector":"dwWq5g1OGmZiEoO2EBYzb7.222","action":"GetUpdates", "result":"DeleteReceived", "context":{"id":"caaf828e-1238-49ca-82ca-2e57e0ae92b0", "isDeleted:":"true", "version":"1697396504185"}}
{"logTime": "1113/175331", "correlationVector":"dwWq5g1OGmZiEoO2EBYzb7.223","action":"GetUpdates", "result":"DeleteReceived", "context":{"id":"79790374-f948-43a9-a001-e623f9363bac", "isDeleted:":"true", "version":"1697396861211"}}
{"logTime": "1113/175332", "correlationVector":"dwWq5g1OGmZiEoO2EBYzb7.224","action":"GetUpdates", "result":"DeleteReceived", "context":{"id":"77834d1b-4fdc-4646-86ba-90ff4f6d9a73", "isDeleted:":"true", "version":"1697397067616"}}
{"logTime": "1113/175332", "correlationVector":"dwWq5g1OGmZiEoO2EBYzb7.225","action":"GetUpdates", "result":"DeleteReceived", "context":{"id":"5c529a50-b776-4f95-b340-b8139d21dc84", "isDeleted:":"true", "version":"1697397261694"}}
{"logTime": "1113/175332", "correlationVector":"dwWq5g1OGmZiEoO2EBYzb7.226","action":"GetUpdates", "result":"DeleteReceived", "context":{"id":"2a0fe57a-1e81-4503-8e10-ed908609529d", "isDeleted:":"true", "version":"1697397801299"}}
{"logTime": "1113/175332", "correlationVector":"dwWq5g1OGmZiEoO2EBYzb7.227","action":"GetUpdates", "result":"DeleteReceived", "context":{"id":"1fb4dfb1-e603-40fb-a83d-90485afadad7", "isDeleted:":"true", "version":"1697398099883"}}
{"logTime": "1113/175332", "correlationVector":"dwWq5g1OGmZiEoO2EBYzb7.228","action":"GetUpdates", "result":"DeleteReceived", "context":{"id":"3ee5b276-e1b5-4e4b-905c-b8a7af924372", "isDeleted:":"true", "version":"1697398389854"}}
{"logTime": "1113/175332", "correlationVector":"dwWq5g1OGmZiEoO2EBYzb7.229","action":"GetUpdates", "result":"DeleteReceived", "context":{"id":"c836a90d-4735-403d-9f3f-67557375a2f1", "isDeleted:":"true", "version":"1697401548273"}}
{"logTime": "1113/175332", "correlationVector":"dwWq5g1OGmZiEoO2EBYzb7.230","action":"GetUpdates", "result":"DeleteReceived", "context":{"id":"718753fb-982c-4f4e-903f-5ac196e40def", "isDeleted:":"true", "version":"1697401548274"}}
{"logTime": "1113/175332", "correlationVector":"dwWq5g1OGmZiEoO2EBYzb7.231","action":"GetUpdates", "result":"DeleteReceived", "context":{"id":"07fb82ae-5c70-467c-a78c-2d73c183faf7", "isDeleted:":"true", "version":"1697401548277"}}
{"logTime": "1113/175332", "correlationVector":"dwWq5g1OGmZiEoO2EBYzb7.232","action":"GetUpdates", "result":"DeleteReceived", "context":{"id":"e3c42a39-2d9a-4ee0-8acb-d41ddf57ef29", "isDeleted:":"true", "version":"1697404843862"}}
{"logTime": "1113/175332", "correlationVector":"dwWq5g1OGmZiEoO2EBYzb7.233","action":"GetUpdates", "result":"DeleteReceived", "context":{"id":"37ee5456-2a37-4da4-9110-dee3a8b53bdc", "isDeleted:":"true", "version":"1697405219465"}}
{"logTime": "1113/175332", "correlationVector":"dwWq5g1OGmZiEoO2EBYzb7.234","action":"GetUpdates", "result":"DeleteReceived", "context":{"id":"75f2e072-ffeb-4bf9-9225-f1f1ff9cc08d", "isDeleted:":"true", "version":"1697405698630"}}
{"logTime": "1113/175332", "correlationVector":"dwWq5g1OGmZiEoO2EBYzb7.235","action":"GetUpdates", "result":"DeleteReceived", "context":{"id":"566387dc-a8cd-4598-9501-cbc109d9541d", "isDeleted:":"true", "version":"1697406619861"}}
{"logTime": "1113/175332", "correlationVector":"dwWq5g1OGmZiEoO2EBYzb7.236","action":"GetUpdates", "result":"DeleteReceived", "context":{"id":"cd7216d0-5b8a-47c5-8656-1067a5ebf805", "isDeleted:":"true", "version":"1697439926181"}}
{"logTime": "1113/175332", "correlationVector":"dwWq5g1OGmZiEoO2EBYzb7.237","action":"GetUpdates", "result":"DeleteReceived", "context":{"id":"b9bac7a3-a308-4c01-9954-383f1b1e3dc1", "isDeleted:":"true", "version":"1697440594264"}}
{"logTime": "1113/175332", "correlationVector":"dwWq5g1OGmZiEoO2EBYzb7.238","action":"GetUpdates", "result":"DeleteReceived", "context":{"id":"c58618b9-f0c6-49f7-bcb6-7a3c22a25518", "isDeleted:":"true", "version":"1697441473951"}}
{"logTime": "1113/175332", "correlationVector":"dwWq5g1OGmZiEoO2EBYzb7.239","action":"GetUpdates", "result":"DeleteReceived", "context":{"id":"a187c61c-b2d2-4aba-a68e-a31874496237", "isDeleted:":"true", "version":"1697442286276"}}
{"logTime": "1113/175332", "correlationVector":"dwWq5g1OGmZiEoO2EBYzb7.240","action":"GetUpdates", "result":"DeleteReceived", "context":{"id":"94e5e446-1732-4a08-82b5-f8f8e91bb3bf", "isDeleted:":"true", "version":"1697442768833"}}
{"logTime": "1113/175332", "correlationVector":"dwWq5g1OGmZiEoO2EBYzb7.241","action":"GetUpdates", "result":"DeleteReceived", "context":{"id":"79e25be9-57f3-4bf0-ae06-ba7088cca2b7", "isDeleted:":"true", "version":"1697442961498"}}
{"logTime": "1113/175332", "correlationVector":"dwWq5g1OGmZiEoO2EBYzb7.242","action":"GetUpdates", "result":"DeleteReceived", "context":{"id":"241f15e5-dd7f-4741-abac-01629bbe4893", "isDeleted:":"true", "version":"1697443367714"}}
{"logTime": "1113/175332", "correlationVector":"dwWq5g1OGmZiEoO2EBYzb7.243","action":"GetUpdates", "result":"DeleteReceived", "context":{"id":"582d9cc3-3feb-495d-bd44-3d7f213d4422", "isDeleted:":"true", "version":"1697444306985"}}
{"logTime": "1113/175332", "correlationVector":"dwWq5g1OGmZiEoO2EBYzb7.244","action":"GetUpdates", "result":"DeleteReceived", "context":{"id":"cd1d989c-74c4-41a2-b4f9-f1fa5bd4a646", "isDeleted:":"true", "version":"1697444934914"}}
{"logTime": "1113/175332", "correlationVector":"dwWq5g1OGmZiEoO2EBYzb7.245","action":"GetUpdates", "result":"DeleteReceived", "context":{"id":"c780e1f7-3ad2-48d1-ab84-c4206c8165b8", "isDeleted:":"true", "version":"1697446043330"}}
{"logTime": "1113/175332", "correlationVector":"dwWq5g1OGmZiEoO2EBYzb7.246","action":"GetUpdates", "result":"DeleteReceived", "context":{"id":"d8e98c08-f90b-4854-a3e3-adc16111c7bb", "isDeleted:":"true", "version":"1697446413687"}}
{"logTime": "1113/175332", "correlationVector":"dwWq5g1OGmZiEoO2EBYzb7.247","action":"GetUpdates", "result":"DeleteReceived", "context":{"id":"b31d24a5-041b-4da0-ae07-f7c4e5c27a88", "isDeleted:":"true", "version":"1697446642783"}}
{"logTime": "1113/175332", "correlationVector":"dwWq5g1OGmZiEoO2EBYzb7.248","action":"GetUpdates", "result":"DeleteReceived", "context":{"id":"017113a4-54b8-43db-a95e-84d3bf0d94d8", "isDeleted:":"true", "version":"1697447119940"}}
{"logTime": "1113/175332", "correlationVector":"dwWq5g1OGmZiEoO2EBYzb7.249","action":"GetUpdates", "result":"DeleteReceived", "context":{"id":"3d504a5f-f268-4879-bdb5-0edd11c3cd9a", "isDeleted:":"true", "version":"1697449146481"}}
{"logTime": "1113/175332", "correlationVector":"dwWq5g1OGmZiEoO2EBYzb7.250","action":"GetUpdates Response", "result":"SERVER_MORE_TO_DOWNLOAD", "context":Received 250 update(s).  Some updates remain.}
{"logTime": "1113/175332", "correlationVector":"TnEYyzz7yclRTn62DOBXiT","action":"Initial GetUpdates", "result":"", "context":Reason: RECONFIGURATION. cV=TnEYyzz7yclRTn62DOBXiT}
{"logTime": "1113/175332", "correlationVector":"TnEYyzz7yclRTn62DOBXiT.1","action":"SyncServerConnectionManagerRequest", "result":"SYNC_SERVER_OK", "context":{"environment":"Prod_WestEurope_000l", "migrationStage":"NotStarted", "server":"GENERAL01000023"}}
{"logTime": "1113/175332", "correlationVector":"TnEYyzz7yclRTn62DOBXiT.2","action":"GetUpdates", "result":"DeleteReceived", "context":{"id":"748231c2-0cab-417e-9dd6-bb77002f2b5f", "isDeleted:":"true", "version":"1697449365643"}}
{"logTime": "1113/175332", "correlationVector":"TnEYyzz7yclRTn62DOBXiT.3","action":"GetUpdates", "result":"DeleteReceived", "context":{"id":"b854c5a1-b712-4641-aa31-6dc7d9a2eb2d", "isDeleted:":"true", "version":"1697449735678"}}
{"logTime": "1113/175332", "correlationVector":"TnEYyzz7yclRTn62DOBXiT.4","action":"GetUpdates", "result":"DeleteReceived", "context":{"id":"b2c641e0-856a-496d-9606-f41ef74ee508", "isDeleted:":"true", "version":"1697450310281"}}
{"logTime": "1113/175332", "correlationVector":"TnEYyzz7yclRTn62DOBXiT.5","action":"GetUpdates", "result":"DeleteReceived", "context":{"id":"12fb8fd5-af4b-42a6-b43a-f5cdf4e6d9b5", "isDeleted:":"true", "version":"1697451200124"}}
{"logTime": "1113/175332", "correlationVector":"TnEYyzz7yclRTn62DOBXiT.6","action":"GetUpdates", "result":"DeleteReceived", "context":{"id":"5367bde4-e10b-43fb-bfe1-582084bf6cc4", "isDeleted:":"true", "version":"1697452429365"}}
{"logTime": "1113/175332", "correlationVector":"TnEYyzz7yclRTn62DOBXiT.7","action":"GetUpdates", "result":"DeleteReceived", "context":{"id":"97971285-f623-4918-a27a-38a671ed1a92", "isDeleted:":"true", "version":"1697452429366"}}
{"logTime": "1113/175332", "correlationVector":"TnEYyzz7yclRTn62DOBXiT.8","action":"GetUpdates", "result":"DeleteReceived", "context":{"id":"b2f29260-a147-439b-b878-b7cf4b396e3c", "isDeleted:":"true", "version":"1697455267715"}}
{"logTime": "1113/175332", "correlationVector":"TnEYyzz7yclRTn62DOBXiT.9","action":"GetUpdates", "result":"DeleteReceived", "context":{"id":"2f350a4e-fc1a-48b8-9462-e11a8a4a72cf", "isDeleted:":"true", "version":"1697455731017"}}
{"logTime": "1113/175332", "correlationVector":"TnEYyzz7yclRTn62DOBXiT.10","action":"GetUpdates", "result":"DeleteReceived", "context":{"id":"7443ee7b-f8f4-402b-9f58-497486c0fb94", "isDeleted:":"true", "version":"1697456886103"}}
{"logTime": "1113/175332", "correlationVector":"TnEYyzz7yclRTn62DOBXiT.11","action":"GetUpdates", "result":"DeleteReceived", "context":{"id":"18a8de76-3a29-4a77-863a-9d9ddae2dbc7", "isDeleted:":"true", "version":"1697457330524"}}
{"logTime": "1113/175332", "correlationVector":"TnEYyzz7yclRTn62DOBXiT.12","action":"GetUpdates", "result":"DeleteReceived", "context":{"id":"a9228b76-63cb-4ebd-9b35-313dc2232b21", "isDeleted:":"true", "version":"1697459210240"}}
{"logTime": "1113/175332", "correlationVector":"TnEYyzz7yclRTn62DOBXiT.13","action":"GetUpdates", "result":"DeleteReceived", "context":{"id":"600e98e0-edab-4046-9887-8e2afc00b07b", "isDeleted:":"true", "version":"1697462149295"}}
{"logTime": "1113/175332", "correlationVector":"TnEYyzz7yclRTn62DOBXiT.14","action":"GetUpdates", "result":"DeleteReceived", "context":{"id":"0b7a3d3e-0502-4eec-b038-c7f28a0f9f14", "isDeleted:":"true", "version":"1697462149296"}}
{"logTime": "1113/175332", "correlationVector":"TnEYyzz7yclRTn62DOBXiT.15","action":"GetUpdates", "result":"DeleteReceived", "context":{"id":"45127a5e-3155-4b61-97f8-9775ef48b9a9", "isDeleted:":"true", "version":"1697462149297"}}
{"logTime": "1113/175332", "correlationVector":"TnEYyzz7yclRTn62DOBXiT.16","action":"GetUpdates", "result":"DeleteReceived", "context":{"id":"c638daf9-ff5a-477a-8b15-a2ac119657d9", "isDeleted:":"true", "version":"1697480672963"}}
{"logTime": "1113/175332", "correlationVector":"TnEYyzz7yclRTn62DOBXiT.17","action":"GetUpdates", "result":"DeleteReceived", "context":{"id":"e5bd2926-4856-47f8-80ba-d11dc63561f1", "isDeleted:":"true", "version":"1697481809705"}}
{"logTime": "1113/175332", "correlationVector":"TnEYyzz7yclRTn62DOBXiT.18","action":"GetUpdates", "result":"DeleteReceived", "context":{"id":"fc6ac443-a41e-4653-9834-5cb9466c83f7", "isDeleted:":"true", "version":"1697482059061"}}
{"logTime": "1113/175332", "correlationVector":"TnEYyzz7yclRTn62DOBXiT.19","action":"GetUpdates", "result":"DeleteReceived", "context":{"id":"d481e377-3bb2-4d4e-95f3-68af69606826", "isDeleted:":"true", "version":"1697482725454"}}
{"logTime": "1113/175332", "correlationVector":"TnEYyzz7yclRTn62DOBXiT.20","action":"GetUpdates", "result":"DeleteReceived", "context":{"id":"a346c431-6a43-40bb-ba9b-7ed6bf93e3c3", "isDeleted:":"true", "version":"1697485107088"}}
{"logTime": "1113/175332", "correlationVector":"TnEYyzz7yclRTn62DOBXiT.21","action":"GetUpdates", "result":"DeleteReceived", "context":{"id":"66113782-2592-4f05-a432-c5385ee1264c", "isDeleted:":"true", "version":"1697485607183"}}
{"logTime": "1113/175332", "correlationVector":"TnEYyzz7yclRTn62DOBXiT.22","action":"GetUpdates", "result":"DeleteReceived", "context":{"id":"6b789b96-1469-4435-b028-af48bebe915a", "isDeleted:":"true", "version":"1697518629022"}}
{"logTime": "1113/175332", "correlationVector":"TnEYyzz7yclRTn62DOBXiT.23","action":"GetUpdates", "result":"DeleteReceived", "context":{"id":"07686795-e9a3-4fbf-9505-35bc694ce8ff", "isDeleted:":"true", "version":"1697522965948"}}
{"logTime": "1113/175332", "correlationVector":"TnEYyzz7yclRTn62DOBXiT.24","action":"GetUpdates", "result":"DeleteReceived", "context":{"id":"47078dc6-7b19-47fd-9b45-0b7787b99b31", "isDeleted:":"true", "version":"1697624364672"}}
{"logTime": "1113/175333", "correlationVector":"TnEYyzz7yclRTn62DOBXiT.25","action":"GetUpdates", "result":"DeleteReceived", "context":{"id":"1f495cc7-af07-4949-b5e7-bc934bd76388", "isDeleted:":"true", "version":"1697626544481"}}
{"logTime": "1113/175333", "correlationVector":"TnEYyzz7yclRTn62DOBXiT.26","action":"GetUpdates", "result":"DeleteReceived", "context":{"id":"0fac19b6-12c0-4c8a-b586-62a8018a1d9e", "isDeleted:":"true", "version":"1697636869542"}}
{"logTime": "1113/175333", "correlationVector":"TnEYyzz7yclRTn62DOBXiT.27","action":"GetUpdates", "result":"DeleteReceived", "context":{"id":"65003129-3cf9-46cf-82c4-72be88292c96", "isDeleted:":"true", "version":"1697638110795"}}
{"logTime": "1113/175333", "correlationVector":"TnEYyzz7yclRTn62DOBXiT.28","action":"GetUpdates", "result":"DeleteReceived", "context":{"id":"1e7ceaa5-2bda-4941-8786-02df5bc17acb", "isDeleted:":"true", "version":"1697638788174"}}
{"logTime": "1113/175333", "correlationVector":"TnEYyzz7yclRTn62DOBXiT.29","action":"GetUpdates", "result":"DeleteReceived", "context":{"id":"b3009637-664f-48b8-91dd-e37169a931c6", "isDeleted:":"true", "version":"1697646864230"}}
{"logTime": "1113/175333", "correlationVector":"TnEYyzz7yclRTn62DOBXiT.30","action":"GetUpdates", "result":"DeleteReceived", "context":{"id":"485694bd-3533-41f3-a490-63cf6112c035", "isDeleted:":"true", "version":"1697648542099"}}
{"logTime": "1113/175333", "correlationVector":"TnEYyzz7yclRTn62DOBXiT.31","action":"GetUpdates", "result":"DeleteReceived", "context":{"id":"3dfc122a-8288-4abb-adf3-3dea428209c3", "isDeleted:":"true", "version":"1697649258252"}}
{"logTime": "1113/175333", "correlationVector":"TnEYyzz7yclRTn62DOBXiT.32","action":"GetUpdates", "result":"DeleteReceived", "context":{"id":"02dd5f9c-137c-47f4-b89a-77f39d842206", "isDeleted:":"true", "version":"1697650128453"}}
{"logTime": "1113/175333", "correlationVector":"TnEYyzz7yclRTn62DOBXiT.33","action":"GetUpdates", "result":"DeleteReceived", "context":{"id":"04f12847-1105-4bc9-9c0d-1829a83a5e9f", "isDeleted:":"true", "version":"1697654410309"}}
{"logTime": "1113/175333", "correlationVector":"TnEYyzz7yclRTn62DOBXiT.34","action":"GetUpdates", "result":"DeleteReceived", "context":{"id":"353eab88-8f01-4d7c-812d-6d7b4aae2ed5", "isDeleted:":"true", "version":"1697691719692"}}
{"logTime": "1113/175333", "correlationVector":"TnEYyzz7yclRTn62DOBXiT.35","action":"GetUpdates", "result":"DeleteReceived", "context":{"id":"d05e16be-e6bb-42d4-9302-d9967aba3e40", "isDeleted:":"true", "version":"1697691939921"}}
{"logTime": "1113/175333", "correlationVector":"TnEYyzz7yclRTn62DOBXiT.36","action":"GetUpdates", "result":"DeleteReceived", "context":{"id":"4ed9e865-b24f-4aef-949f-0d7c35c15839", "isDeleted:":"true", "version":"1697710543718"}}
{"logTime": "1113/175333", "correlationVector":"TnEYyzz7yclRTn62DOBXiT.37","action":"GetUpdates", "result":"DeleteReceived", "context":{"id":"d3efb577-2e62-43fd-80f0-2c8351afa613", "isDeleted:":"true", "version":"1697710908778"}}
{"logTime": "1113/175333", "correlationVector":"TnEYyzz7yclRTn62DOBXiT.38","action":"GetUpdates", "result":"DeleteReceived", "context":{"id":"dafc9782-923b-4756-823e-11698f2d42ac", "isDeleted:":"true", "version":"1697720963788"}}
{"logTime": "1113/175333", "correlationVector":"TnEYyzz7yclRTn62DOBXiT.39","action":"GetUpdates", "result":"DeleteReceived", "context":{"id":"26e1b7ef-7a3b-4256-9fcc-af19ca4c988c", "isDeleted:":"true", "version":"1697720963789"}}
{"logTime": "1113/175333", "correlationVector":"TnEYyzz7yclRTn62DOBXiT.40","action":"GetUpdates", "result":"DeleteReceived", "context":{"id":"98166320-dd5b-43fd-a2f6-cc554b713e31", "isDeleted:":"true", "version":"1697720963790"}}
{"logTime": "1113/175333", "correlationVector":"TnEYyzz7yclRTn62DOBXiT.41","action":"GetUpdates", "result":"DeleteReceived", "context":{"id":"4519a542-0eb5-482d-80ee-5a753a296767", "isDeleted:":"true", "version":"1697721351588"}}
{"logTime": "1113/175333", "correlationVector":"TnEYyzz7yclRTn62DOBXiT.42","action":"GetUpdates", "result":"DeleteReceived", "context":{"id":"17fb2d98-628e-48fd-adab-c8981dcb61ff", "isDeleted:":"true", "version":"1697721782197"}}
{"logTime": "1113/175333", "correlationVector":"TnEYyzz7yclRTn62DOBXiT.43","action":"GetUpdates", "result":"DeleteReceived", "context":{"id":"dc75928e-b850-41fd-a0f3-f7f8d768580d", "isDeleted:":"true", "version":"1697722631067"}}
{"logTime": "1113/175333", "correlationVector":"TnEYyzz7yclRTn62DOBXiT.44","action":"GetUpdates", "result":"DeleteReceived", "context":{"id":"acc54b94-b7bc-4c1d-93c3-dea75846297e", "isDeleted:":"true", "version":"1697722899049"}}
{"logTime": "1113/175333", "correlationVector":"TnEYyzz7yclRTn62DOBXiT.45","action":"GetUpdates", "result":"DeleteReceived", "context":{"id":"ecb36c19-3cd5-449a-9478-feaab34ff43a", "isDeleted:":"true", "version":"1697723233666"}}
{"logTime": "1113/175333", "correlationVector":"TnEYyzz7yclRTn62DOBXiT.46","action":"GetUpdates", "result":"DeleteReceived", "context":{"id":"6aed495e-10ec-46b2-91c0-4b3d09850729", "isDeleted:":"true", "version":"1697733743951"}}
{"logTime": "1113/175333", "correlationVector":"TnEYyzz7yclRTn62DOBXiT.47","action":"GetUpdates", "result":"DeleteReceived", "context":{"id":"d3b8fa14-3763-4a7d-b878-8f17016777bb", "isDeleted:":"true", "version":"1697734163518"}}
{"logTime": "1113/175333", "correlationVector":"TnEYyzz7yclRTn62DOBXiT.48","action":"GetUpdates", "result":"DeleteReceived", "context":{"id":"7a9049b6-691e-4afe-ae49-9295c058fab6", "isDeleted:":"true", "version":"1697735203600"}}
{"logTime": "1113/175333", "correlationVector":"TnEYyzz7yclRTn62DOBXiT.49","action":"GetUpdates", "result":"DeleteReceived", "context":{"id":"48e99c78-a04a-4cb8-837b-8b830b1c81f6", "isDeleted:":"true", "version":"1697736488506"}}
{"logTime": "1113/175333", "correlationVector":"TnEYyzz7yclRTn62DOBXiT.50","action":"GetUpdates", "result":"DeleteReceived", "context":{"id":"bcfb1021-d2e6-4871-a134-cba49ac165f6", "isDeleted:":"true", "version":"1697736861392"}}
{"logTime": "1113/175333", "correlationVector":"TnEYyzz7yclRTn62DOBXiT.51","action":"GetUpdates", "result":"DeleteReceived", "context":{"id":"1c9674a7-ad30-4491-b907-30a600b18d6e", "isDeleted:":"true", "version":"1697737850962"}}
{"logTime": "1113/175333", "correlationVector":"TnEYyzz7yclRTn62DOBXiT.52","action":"GetUpdates", "result":"DeleteReceived", "context":{"id":"00b44e78-e1d7-4e9a-8ccb-989b77ae463c", "isDeleted:":"true", "version":"1697742502466"}}
{"logTime": "1113/175333", "correlationVector":"TnEYyzz7yclRTn62DOBXiT.53","action":"GetUpdates", "result":"DeleteReceived", "context":{"id":"8281b03a-8ab9-4a8e-a424-daef4f36baea", "isDeleted:":"true", "version":"1697743009450"}}
{"logTime": "1113/175333", "correlationVector":"TnEYyzz7yclRTn62DOBXiT.54","action":"GetUpdates", "result":"DeleteReceived", "context":{"id":"3d8d43c9-9913-4a56-8f50-e14291e59b53", "isDeleted:":"true", "version":"1697779556825"}}
{"logTime": "1113/175333", "correlationVector":"TnEYyzz7yclRTn62DOBXiT.55","action":"GetUpdates", "result":"DeleteReceived", "context":{"id":"ea5a8caf-ff6b-40d1-ab27-f22e7b28570c", "isDeleted:":"true", "version":"1697779841972"}}
{"logTime": "1113/175333", "correlationVector":"TnEYyzz7yclRTn62DOBXiT.56","action":"GetUpdates", "result":"DeleteReceived", "context":{"id":"d78d4f48-f13b-4209-b2fa-25f14ccce074", "isDeleted:":"true", "version":"1697780842606"}}
{"logTime": "1113/175333", "correlationVector":"TnEYyzz7yclRTn62DOBXiT.57","action":"GetUpdates", "result":"DeleteReceived", "context":{"id":"dcff1c35-78bd-454a-91d7-e35aa120dfba", "isDeleted:":"true", "version":"1697781794148"}}
{"logTime": "1113/175333", "correlationVector":"TnEYyzz7yclRTn62DOBXiT.58","action":"GetUpdates", "result":"DeleteReceived", "context":{"id":"736a7ad1-abff-4a96-8268-fdfd0779a939", "isDeleted:":"true", "version":"1697782301329"}}
{"logTime": "1113/175333", "correlationVector":"TnEYyzz7yclRTn62DOBXiT.59","action":"GetUpdates", "result":"DeleteReceived", "context":{"id":"eecec3f7-8394-4abb-8484-cbf2a1c83c48", "isDeleted:":"true", "version":"1697782524968"}}
{"logTime": "1113/175333", "correlationVector":"TnEYyzz7yclRTn62DOBXiT.60","action":"GetUpdates", "result":"DeleteReceived", "context":{"id":"9d96d0f9-89dc-4c5c-a87f-ee32308d37ef", "isDeleted:":"true", "version":"1697784782712"}}
{"logTime": "1113/175333", "correlationVector":"TnEYyzz7yclRTn62DOBXiT.61","action":"GetUpdates", "result":"DeleteReceived", "context":{"id":"ff64a7be-7f91-4501-abf4-5a1971aba116", "isDeleted:":"true", "version":"1697785681748"}}
{"logTime": "1113/175333", "correlationVector":"TnEYyzz7yclRTn62DOBXiT.62","action":"GetUpdates", "result":"DeleteReceived", "context":{"id":"9f3f89e5-e5c2-4f53-a5b5-e8cfce666119", "isDeleted:":"true", "version":"1697785876812"}}
{"logTime": "1113/175333", "correlationVector":"TnEYyzz7yclRTn62DOBXiT.63","action":"GetUpdates", "result":"DeleteReceived", "context":{"id":"453c4efb-28e3-4f94-a042-6f2e6304525f", "isDeleted:":"true", "version":"1697786392595"}}
{"logTime": "1113/175333", "correlationVector":"TnEYyzz7yclRTn62DOBXiT.64","action":"GetUpdates", "result":"DeleteReceived", "context":{"id":"161187c7-3fbe-4ca1-acdb-62d76a49c1c7", "isDeleted:":"true", "version":"1697787836675"}}
{"logTime": "1113/175333", "correlationVector":"TnEYyzz7yclRTn62DOBXiT.65","action":"GetUpdates", "result":"DeleteReceived", "context":{"id":"de313a7d-dbd3-4d21-b77b-ecec098c5740", "isDeleted:":"true", "version":"1697788372146"}}
{"logTime": "1113/175333", "correlationVector":"TnEYyzz7yclRTn62DOBXiT.66","action":"GetUpdates", "result":"DeleteReceived", "context":{"id":"ebd8971a-1b4e-47a4-9aab-da266715b78c", "isDeleted:":"true", "version":"1697789537795"}}
{"logTime": "1113/175333", "correlationVector":"TnEYyzz7yclRTn62DOBXiT.67","action":"GetUpdates", "result":"DeleteReceived", "context":{"id":"e54f51d5-5de4-4545-9d25-67b69c0d036d", "isDeleted:":"true", "version":"1697789775258"}}
{"logTime": "1113/175333", "correlationVector":"TnEYyzz7yclRTn62DOBXiT.68","action":"GetUpdates", "result":"DeleteReceived", "context":{"id":"bb37ce24-8318-4bcb-8e6b-d24f1c447177", "isDeleted:":"true", "version":"1697794405222"}}
{"logTime": "1113/175333", "correlationVector":"TnEYyzz7yclRTn62DOBXiT.69","action":"GetUpdates", "result":"DeleteReceived", "context":{"id":"27f36a9e-8dc3-464f-9e7e-ed164103ad03", "isDeleted:":"true", "version":"1697795893843"}}
{"logTime": "1113/175333", "correlationVector":"TnEYyzz7yclRTn62DOBXiT.70","action":"GetUpdates", "result":"DeleteReceived", "context":{"id":"3cb533c6-d20d-495b-8ffa-b6e298d29fab", "isDeleted:":"true", "version":"1697827086592"}}
{"logTime": "1113/175333", "correlationVector":"TnEYyzz7yclRTn62DOBXiT.71","action":"GetUpdates", "result":"DeleteReceived", "context":{"id":"7b8909f7-9abb-4ddc-8ba5-61303a81f374", "isDeleted:":"true", "version":"1697828088477"}}
{"logTime": "1113/175333", "correlationVector":"TnEYyzz7yclRTn62DOBXiT.72","action":"GetUpdates", "result":"DeleteReceived", "context":{"id":"abeda06a-d12e-4d3f-95de-07b04a41aeb3", "isDeleted:":"true", "version":"1697828864870"}}
{"logTime": "1113/175333", "correlationVector":"TnEYyzz7yclRTn62DOBXiT.73","action":"GetUpdates", "result":"DeleteReceived", "context":{"id":"bcb47f27-6385-488d-970c-68c461329ed6", "isDeleted:":"true", "version":"1697915895860"}}
{"logTime": "1113/175333", "correlationVector":"TnEYyzz7yclRTn62DOBXiT.74","action":"GetUpdates", "result":"DeleteReceived", "context":{"id":"31f47cb2-1953-42e7-99c5-1a5935039917", "isDeleted:":"true", "version":"1697915895861"}}
{"logTime": "1113/175333", "correlationVector":"TnEYyzz7yclRTn62DOBXiT.75","action":"GetUpdates", "result":"DeleteReceived", "context":{"id":"e9c31a5a-9055-42d0-8e04-6b7e54b066da", "isDeleted:":"true", "version":"1697915895863"}}
{"logTime": "1113/175333", "correlationVector":"TnEYyzz7yclRTn62DOBXiT.76","action":"GetUpdates", "result":"DeleteReceived", "context":{"id":"3cb6308a-ec9e-4fd0-b70e-26ccc938caef", "isDeleted:":"true", "version":"1697915895864"}}
{"logTime": "1113/175333", "correlationVector":"TnEYyzz7yclRTn62DOBXiT.77","action":"GetUpdates", "result":"DeleteReceived", "context":{"id":"5b6e9605-7039-4ad8-a4fb-3d5661052e80", "isDeleted:":"true", "version":"1697915895865"}}
{"logTime": "1113/175333", "correlationVector":"TnEYyzz7yclRTn62DOBXiT.78","action":"GetUpdates", "result":"DeleteReceived", "context":{"id":"7c2e1c5b-6d26-4137-a244-1881280bc20d", "isDeleted:":"true", "version":"1697916397470"}}
{"logTime": "1113/175333", "correlationVector":"TnEYyzz7yclRTn62DOBXiT.79","action":"GetUpdates", "result":"DeleteReceived", "context":{"id":"686a6d9a-1f11-47ab-b15f-e0dd6166add3", "isDeleted:":"true", "version":"1697916729997"}}
{"logTime": "1113/175333", "correlationVector":"TnEYyzz7yclRTn62DOBXiT.80","action":"GetUpdates", "result":"DeleteReceived", "context":{"id":"87a45bb8-c431-49a7-8523-3c94d9d1c2da", "isDeleted:":"true", "version":"1697917680692"}}
{"logTime": "1113/175333", "correlationVector":"TnEYyzz7yclRTn62DOBXiT.81","action":"GetUpdates", "result":"DeleteReceived", "context":{"id":"5f9c29af-320f-48b8-b594-c7b896428dd9", "isDeleted:":"true", "version":"1697919114041"}}
{"logTime": "1113/175333", "correlationVector":"TnEYyzz7yclRTn62DOBXiT.82","action":"GetUpdates", "result":"DeleteReceived", "context":{"id":"019cbcc3-933c-4c1a-8b5d-f6f0610ca7c6", "isDeleted:":"true", "version":"1697919258244"}}
{"logTime": "1113/175333", "correlationVector":"TnEYyzz7yclRTn62DOBXiT.83","action":"GetUpdates", "result":"DeleteReceived", "context":{"id":"68a9e624-e7de-4422-a1f6-930fd3eea09c", "isDeleted:":"true", "version":"1697920420825"}}
{"logTime": "1113/175333", "correlationVector":"TnEYyzz7yclRTn62DOBXiT.84","action":"GetUpdates", "result":"DeleteReceived", "context":{"id":"b949dcef-8e37-4e2d-ad4a-e1c32960afac", "isDeleted:":"true", "version":"1697921043911"}}
{"logTime": "1113/175333", "correlationVector":"TnEYyzz7yclRTn62DOBXiT.85","action":"GetUpdates", "result":"DeleteReceived", "context":{"id":"f92b75c8-4a89-4660-b130-b6a551c50e4d", "isDeleted:":"true", "version":"1697921438319"}}
{"logTime": "1113/175333", "correlationVector":"TnEYyzz7yclRTn62DOBXiT.86","action":"GetUpdates", "result":"DeleteReceived", "context":{"id":"f41ab883-85ca-4b87-963b-356e424f27a4", "isDeleted:":"true", "version":"1697922386333"}}
{"logTime": "1113/175333", "correlationVector":"TnEYyzz7yclRTn62DOBXiT.87","action":"GetUpdates", "result":"DeleteReceived", "context":{"id":"669bbfb3-b19f-4f74-b6e2-120d52cf349e", "isDeleted:":"true", "version":"1697924057256"}}
{"logTime": "1113/175333", "correlationVector":"TnEYyzz7yclRTn62DOBXiT.88","action":"GetUpdates", "result":"DeleteReceived", "context":{"id":"f6bf4013-ef47-4607-8b77-f5502ab8b31b", "isDeleted:":"true", "version":"1697957076365"}}
{"logTime": "1113/175333", "correlationVector":"TnEYyzz7yclRTn62DOBXiT.89","action":"GetUpdates", "result":"DeleteReceived", "context":{"id":"0c36c933-bde1-4fc2-9770-a4fe6cec7ac6", "isDeleted:":"true", "version":"1697958762655"}}
{"logTime": "1113/175333", "correlationVector":"TnEYyzz7yclRTn62DOBXiT.90","action":"GetUpdates", "result":"DeleteReceived", "context":{"id":"b0c83ffd-30d0-419d-9ad8-9d880fb69a69", "isDeleted:":"true", "version":"1697959051493"}}
{"logTime": "1113/175334", "correlationVector":"TnEYyzz7yclRTn62DOBXiT.91","action":"GetUpdates", "result":"DeleteReceived", "context":{"id":"6874dbaa-c4b6-4ec7-9b79-dbdebf1bc271", "isDeleted:":"true", "version":"1697959185399"}}
{"logTime": "1113/175334", "correlationVector":"TnEYyzz7yclRTn62DOBXiT.92","action":"GetUpdates", "result":"DeleteReceived", "context":{"id":"dc2feed3-a3f9-4a67-91a5-fe559a5d15ed", "isDeleted:":"true", "version":"1697959834421"}}
{"logTime": "1113/175334", "correlationVector":"TnEYyzz7yclRTn62DOBXiT.93","action":"GetUpdates", "result":"DeleteReceived", "context":{"id":"9bcd1f36-f83e-4b46-8b01-ad1d2714f525", "isDeleted:":"true", "version":"1697960025314"}}
{"logTime": "1113/175334", "correlationVector":"TnEYyzz7yclRTn62DOBXiT.94","action":"GetUpdates", "result":"DeleteReceived", "context":{"id":"f7a8bcce-4c09-40bb-9ac7-2d0e47a88d1d", "isDeleted:":"true", "version":"1697988060803"}}
{"logTime": "1113/175334", "correlationVector":"TnEYyzz7yclRTn62DOBXiT.95","action":"GetUpdates", "result":"DeleteReceived", "context":{"id":"6ab38b9f-a4ef-4a21-9267-46b4980af786", "isDeleted:":"true", "version":"1697988060804"}}
{"logTime": "1113/175334", "correlationVector":"TnEYyzz7yclRTn62DOBXiT.96","action":"GetUpdates", "result":"DeleteReceived", "context":{"id":"68e6949f-4d1e-459f-affc-895b2c493007", "isDeleted:":"true", "version":"1697988060805"}}
{"logTime": "1113/175334", "correlationVector":"TnEYyzz7yclRTn62DOBXiT.97","action":"GetUpdates", "result":"DeleteReceived", "context":{"id":"4966b0df-f5bc-4c95-8a2b-ba156c1823b9", "isDeleted:":"true", "version":"1697988060806"}}
{"logTime": "1113/175334", "correlationVector":"TnEYyzz7yclRTn62DOBXiT.98","action":"GetUpdates", "result":"DeleteReceived", "context":{"id":"ca4f5d93-b3f7-4dc0-9857-6da8f42ecad1", "isDeleted:":"true", "version":"1697988060807"}}
{"logTime": "1113/175334", "correlationVector":"TnEYyzz7yclRTn62DOBXiT.99","action":"GetUpdates", "result":"DeleteReceived", "context":{"id":"7101cc9f-7bb3-452d-a05c-b29923c276c7", "isDeleted:":"true", "version":"1697997020397"}}
{"logTime": "1113/175334", "correlationVector":"TnEYyzz7yclRTn62DOBXiT.100","action":"GetUpdates", "result":"DeleteReceived", "context":{"id":"e50b4473-cd6a-4e1b-8e9d-9b9fd88f2738", "isDeleted:":"true", "version":"1698043441762"}}
{"logTime": "1113/175334", "correlationVector":"TnEYyzz7yclRTn62DOBXiT.101","action":"GetUpdates", "result":"DeleteReceived", "context":{"id":"d3403a06-e4a7-4410-80e8-83cbd82a609f", "isDeleted:":"true", "version":"1698046085833"}}
{"logTime": "1113/175334", "correlationVector":"TnEYyzz7yclRTn62DOBXiT.102","action":"GetUpdates", "result":"DeleteReceived", "context":{"id":"84d59881-e104-4bca-a3e4-c72678056876", "isDeleted:":"true", "version":"1698048053530"}}
{"logTime": "1113/175334", "correlationVector":"TnEYyzz7yclRTn62DOBXiT.103","action":"GetUpdates", "result":"DeleteReceived", "context":{"id":"d2aae8e4-a70a-4f89-9282-37d32703d2ec", "isDeleted:":"true", "version":"1698049821536"}}
{"logTime": "1113/175334", "correlationVector":"TnEYyzz7yclRTn62DOBXiT.104","action":"GetUpdates", "result":"DeleteReceived", "context":{"id":"d630c335-77b2-44eb-af97-10b2a6957b65", "isDeleted:":"true", "version":"1698052171594"}}
{"logTime": "1113/175334", "correlationVector":"TnEYyzz7yclRTn62DOBXiT.105","action":"GetUpdates", "result":"DeleteReceived", "context":{"id":"8e6c657c-0215-483c-9b07-4141d8bde4eb", "isDeleted:":"true", "version":"1698053293365"}}
{"logTime": "1113/175334", "correlationVector":"TnEYyzz7yclRTn62DOBXiT.106","action":"GetUpdates", "result":"DeleteReceived", "context":{"id":"23bdb082-9335-41c2-9372-30cc592059b7", "isDeleted:":"true", "version":"1698055479198"}}
{"logTime": "1113/175334", "correlationVector":"TnEYyzz7yclRTn62DOBXiT.107","action":"GetUpdates", "result":"DeleteReceived", "context":{"id":"8538f9f9-eeea-4b6e-8185-80c00bd1f95f", "isDeleted:":"true", "version":"1698055752165"}}
{"logTime": "1113/175334", "correlationVector":"TnEYyzz7yclRTn62DOBXiT.108","action":"GetUpdates", "result":"DeleteReceived", "context":{"id":"461d3792-5e84-47e6-ae4b-2b6bb4c3617d", "isDeleted:":"true", "version":"1698060580171"}}
{"logTime": "1113/175334", "correlationVector":"TnEYyzz7yclRTn62DOBXiT.109","action":"GetUpdates", "result":"DeleteReceived", "context":{"id":"de239e92-9040-4bb7-8b67-b82f3d80b004", "isDeleted:":"true", "version":"1698122283094"}}
{"logTime": "1113/175334", "correlationVector":"TnEYyzz7yclRTn62DOBXiT.110","action":"GetUpdates", "result":"DeleteReceived", "context":{"id":"277cbf38-e65c-4f2c-95d7-3a4ea179e517", "isDeleted:":"true", "version":"1698123922324"}}
{"logTime": "1113/175334", "correlationVector":"TnEYyzz7yclRTn62DOBXiT.111","action":"GetUpdates", "result":"DeleteReceived", "context":{"id":"08a3a352-1ace-4d4c-8e1f-7761edda2715", "isDeleted:":"true", "version":"1698124335140"}}
{"logTime": "1113/175334", "correlationVector":"TnEYyzz7yclRTn62DOBXiT.112","action":"GetUpdates", "result":"DeleteReceived", "context":{"id":"cacdabc8-5b02-46ed-b276-a3ca6d6798a0", "isDeleted:":"true", "version":"1698128093126"}}
{"logTime": "1113/175334", "correlationVector":"TnEYyzz7yclRTn62DOBXiT.113","action":"GetUpdates", "result":"DeleteReceived", "context":{"id":"7d56ef4e-a9e4-45aa-a86c-2c1532f2175e", "isDeleted:":"true", "version":"1698133016041"}}
{"logTime": "1113/175334", "correlationVector":"TnEYyzz7yclRTn62DOBXiT.114","action":"GetUpdates", "result":"DeleteReceived", "context":{"id":"c8b2f17a-2876-43fc-acde-64a6bba63f7e", "isDeleted:":"true", "version":"1698143091818"}}
{"logTime": "1113/175334", "correlationVector":"TnEYyzz7yclRTn62DOBXiT.115","action":"GetUpdates", "result":"DeleteReceived", "context":{"id":"19b9ddba-067f-4215-a005-af3fad8a0f9a", "isDeleted:":"true", "version":"1698143701917"}}
{"logTime": "1113/175334", "correlationVector":"TnEYyzz7yclRTn62DOBXiT.116","action":"GetUpdates", "result":"DeleteReceived", "context":{"id":"46aac37b-4cdf-4058-8b10-6c09859190a3", "isDeleted:":"true", "version":"1698144279378"}}
{"logTime": "1113/175334", "correlationVector":"TnEYyzz7yclRTn62DOBXiT.117","action":"GetUpdates", "result":"DeleteReceived", "context":{"id":"2fded5d0-b820-4b99-9253-5121b88bf320", "isDeleted:":"true", "version":"1698149420763"}}
{"logTime": "1113/175334", "correlationVector":"TnEYyzz7yclRTn62DOBXiT.118","action":"GetUpdates", "result":"DeleteReceived", "context":{"id":"7d4cf311-9d52-4162-88d1-913f736677fb", "isDeleted:":"true", "version":"1698149673798"}}
{"logTime": "1113/175334", "correlationVector":"TnEYyzz7yclRTn62DOBXiT.119","action":"GetUpdates", "result":"DeleteReceived", "context":{"id":"18d7622f-605f-4650-8a61-14237ed03378", "isDeleted:":"true", "version":"1698150199360"}}
{"logTime": "1113/175334", "correlationVector":"TnEYyzz7yclRTn62DOBXiT.120","action":"GetUpdates", "result":"DeleteReceived", "context":{"id":"e91a282c-4fa8-4611-b0f0-fd4f949b79de", "isDeleted:":"true", "version":"1698152059142"}}
{"logTime": "1113/175334", "correlationVector":"TnEYyzz7yclRTn62DOBXiT.121","action":"GetUpdates", "result":"DeleteReceived", "context":{"id":"9ff72b24-1649-4c6a-8fe3-c4b9514f579b", "isDeleted:":"true", "version":"1698170081085"}}
{"logTime": "1113/175334", "correlationVector":"TnEYyzz7yclRTn62DOBXiT.122","action":"GetUpdates", "result":"DeleteReceived", "context":{"id":"2420871e-ae8e-4455-86e8-b59672d7cf13", "isDeleted:":"true", "version":"1698170913448"}}
{"logTime": "1113/175334", "correlationVector":"TnEYyzz7yclRTn62DOBXiT.123","action":"GetUpdates", "result":"DeleteReceived", "context":{"id":"5b2818a0-6f73-40d2-b0cc-56fda9982815", "isDeleted:":"true", "version":"1698171473073"}}
{"logTime": "1113/175334", "correlationVector":"TnEYyzz7yclRTn62DOBXiT.124","action":"GetUpdates", "result":"DeleteReceived", "context":{"id":"39ca3e74-2512-4185-9702-986f97e7ebe9", "isDeleted:":"true", "version":"1698171897130"}}
{"logTime": "1113/175334", "correlationVector":"TnEYyzz7yclRTn62DOBXiT.125","action":"GetUpdates", "result":"DeleteReceived", "context":{"id":"6ccfa4d4-03b7-43da-9f1c-b255b31a2901", "isDeleted:":"true", "version":"1698172444093"}}
{"logTime": "1113/175334", "correlationVector":"TnEYyzz7yclRTn62DOBXiT.126","action":"GetUpdates", "result":"DeleteReceived", "context":{"id":"d7eaf379-eeab-480e-8ccb-ffd5f2fc6efe", "isDeleted:":"true", "version":"1698238041825"}}
{"logTime": "1113/175334", "correlationVector":"TnEYyzz7yclRTn62DOBXiT.127","action":"GetUpdates", "result":"DeleteReceived", "context":{"id":"9708fe08-a535-4af3-9d8d-e63f51e370d9", "isDeleted:":"true", "version":"1698238818791"}}
{"logTime": "1113/175334", "correlationVector":"TnEYyzz7yclRTn62DOBXiT.128","action":"GetUpdates", "result":"DeleteReceived", "context":{"id":"8632562f-3e37-45bb-9d21-5d543bd09580", "isDeleted:":"true", "version":"1698249204903"}}
{"logTime": "1113/175334", "correlationVector":"TnEYyzz7yclRTn62DOBXiT.129","action":"GetUpdates", "result":"DeleteReceived", "context":{"id":"e9522a28-c172-4ed2-92c0-6c72513d2868", "isDeleted:":"true", "version":"1698249329788"}}
{"logTime": "1113/175334", "correlationVector":"TnEYyzz7yclRTn62DOBXiT.130","action":"GetUpdates", "result":"DeleteReceived", "context":{"id":"18a99644-b6b3-4e48-95e6-7512b9d92b08", "isDeleted:":"true", "version":"1698249709401"}}
{"logTime": "1113/175334", "correlationVector":"TnEYyzz7yclRTn62DOBXiT.131","action":"GetUpdates", "result":"DeleteReceived", "context":{"id":"ec4e9343-f816-455f-9d2e-505e789082f5", "isDeleted:":"true", "version":"1698250384211"}}
{"logTime": "1113/175334", "correlationVector":"TnEYyzz7yclRTn62DOBXiT.132","action":"GetUpdates", "result":"DeleteReceived", "context":{"id":"d8b6ed2a-bf16-4aca-b740-a5f8a73fe156", "isDeleted:":"true", "version":"1698323798590"}}
{"logTime": "1113/175334", "correlationVector":"TnEYyzz7yclRTn62DOBXiT.133","action":"GetUpdates", "result":"DeleteReceived", "context":{"id":"1c705db1-8067-45d1-9ee1-fb0d2e868cb1", "isDeleted:":"true", "version":"1698327088916"}}
{"logTime": "1113/175334", "correlationVector":"TnEYyzz7yclRTn62DOBXiT.134","action":"GetUpdates", "result":"DeleteReceived", "context":{"id":"5341ee83-bc46-425a-af94-9e8a312fa99c", "isDeleted:":"true", "version":"1698340388965"}}
{"logTime": "1113/175334", "correlationVector":"TnEYyzz7yclRTn62DOBXiT.135","action":"GetUpdates", "result":"DeleteReceived", "context":{"id":"3a2d4539-a90f-4a26-811e-cf4b224af6ea", "isDeleted:":"true", "version":"1698346582960"}}
{"logTime": "1113/175334", "correlationVector":"TnEYyzz7yclRTn62DOBXiT.136","action":"GetUpdates", "result":"DeleteReceived", "context":{"id":"a2afae17-37d6-4725-be25-32ca13ed9211", "isDeleted:":"true", "version":"1698346738377"}}
{"logTime": "1113/175334", "correlationVector":"TnEYyzz7yclRTn62DOBXiT.137","action":"GetUpdates", "result":"DeleteReceived", "context":{"id":"5f49acf8-d28c-4dd6-b473-c316cd75c324", "isDeleted:":"true", "version":"1698380619778"}}
{"logTime": "1113/175334", "correlationVector":"TnEYyzz7yclRTn62DOBXiT.138","action":"GetUpdates", "result":"DeleteReceived", "context":{"id":"0ced67a8-383d-4ecb-941d-233c25e1ea30", "isDeleted:":"true", "version":"1698384014118"}}
{"logTime": "1113/175334", "correlationVector":"TnEYyzz7yclRTn62DOBXiT.139","action":"GetUpdates", "result":"DeleteReceived", "context":{"id":"3fac713e-103a-45ec-bc5e-709cb8cb54f8", "isDeleted:":"true", "version":"1698384324038"}}
{"logTime": "1113/175334", "correlationVector":"TnEYyzz7yclRTn62DOBXiT.140","action":"GetUpdates", "result":"DeleteReceived", "context":{"id":"de2ed324-f728-45f9-99e1-0a760b4b140a", "isDeleted:":"true", "version":"1698385312279"}}
{"logTime": "1113/175334", "correlationVector":"TnEYyzz7yclRTn62DOBXiT.141","action":"GetUpdates", "result":"DeleteReceived", "context":{"id":"8b8811dc-8ad2-46b2-900b-7b989b697c05", "isDeleted:":"true", "version":"1698394835476"}}
{"logTime": "1113/175334", "correlationVector":"TnEYyzz7yclRTn62DOBXiT.142","action":"GetUpdates", "result":"DeleteReceived", "context":{"id":"1e61d092-e5aa-4b9c-944c-7444159a71f5", "isDeleted:":"true", "version":"1698395338058"}}
{"logTime": "1113/175334", "correlationVector":"TnEYyzz7yclRTn62DOBXiT.143","action":"GetUpdates", "result":"DeleteReceived", "context":{"id":"1d05ca04-e9e9-43bc-a72b-d83a9a842435", "isDeleted:":"true", "version":"1698397078059"}}
{"logTime": "1113/175334", "correlationVector":"TnEYyzz7yclRTn62DOBXiT.144","action":"GetUpdates", "result":"DeleteReceived", "context":{"id":"664ad6bf-701d-490d-bace-e82d96e0177c", "isDeleted:":"true", "version":"1698398049015"}}
{"logTime": "1113/175334", "correlationVector":"TnEYyzz7yclRTn62DOBXiT.145","action":"GetUpdates", "result":"DeleteReceived", "context":{"id":"1c999584-a5ff-42bf-aa12-b9a81d4c4552", "isDeleted:":"true", "version":"1698409428046"}}
{"logTime": "1113/175334", "correlationVector":"TnEYyzz7yclRTn62DOBXiT.146","action":"GetUpdates", "result":"DeleteReceived", "context":{"id":"e75fe689-2b5b-41f7-a366-5b4dcf2c0887", "isDeleted:":"true", "version":"1698418632630"}}
{"logTime": "1113/175335", "correlationVector":"TnEYyzz7yclRTn62DOBXiT.147","action":"GetUpdates", "result":"DeleteReceived", "context":{"id":"922a4f8d-6cc5-467c-a31c-b87a9055de3d", "isDeleted:":"true", "version":"1698421952882"}}
{"logTime": "1113/175335", "correlationVector":"TnEYyzz7yclRTn62DOBXiT.148","action":"GetUpdates", "result":"DeleteReceived", "context":{"id":"582d0a14-4ed2-4010-8cce-0c57c84d80d0", "isDeleted:":"true", "version":"1698422178178"}}
{"logTime": "1113/175335", "correlationVector":"TnEYyzz7yclRTn62DOBXiT.149","action":"GetUpdates", "result":"DeleteReceived", "context":{"id":"03729040-faea-4690-b2ae-fd93fcf7ac48", "isDeleted:":"true", "version":"1698425310870"}}
{"logTime": "1113/175335", "correlationVector":"TnEYyzz7yclRTn62DOBXiT.150","action":"GetUpdates", "result":"DeleteReceived", "context":{"id":"7bdca31e-05a9-46f5-83a7-fde1fef9a42a", "isDeleted:":"true", "version":"1698427706728"}}
{"logTime": "1113/175335", "correlationVector":"TnEYyzz7yclRTn62DOBXiT.151","action":"GetUpdates", "result":"DeleteReceived", "context":{"id":"4e5f498f-0b65-40a6-9187-ce3a8b45e7aa", "isDeleted:":"true", "version":"1698436703043"}}
{"logTime": "1113/175335", "correlationVector":"TnEYyzz7yclRTn62DOBXiT.152","action":"GetUpdates", "result":"DeleteReceived", "context":{"id":"be9d0363-6071-4054-82bb-e98fd4a75a4f", "isDeleted:":"true", "version":"1698474229549"}}
{"logTime": "1113/175335", "correlationVector":"TnEYyzz7yclRTn62DOBXiT.153","action":"GetUpdates", "result":"DeleteReceived", "context":{"id":"5a4833e6-8093-4f93-8a63-99a4c1d73fd2", "isDeleted:":"true", "version":"1698669529151"}}
{"logTime": "1113/175335", "correlationVector":"TnEYyzz7yclRTn62DOBXiT.154","action":"GetUpdates", "result":"DeleteReceived", "context":{"id":"43de88da-1698-4ff5-bace-5f15fa39dedb", "isDeleted:":"true", "version":"1698670229112"}}
{"logTime": "1113/175335", "correlationVector":"TnEYyzz7yclRTn62DOBXiT.155","action":"GetUpdates", "result":"DeleteReceived", "context":{"id":"45d985bc-bfdc-4185-8bdf-f1fdd3bedefe", "isDeleted:":"true", "version":"1698672681484"}}
{"logTime": "1113/175335", "correlationVector":"TnEYyzz7yclRTn62DOBXiT.156","action":"GetUpdates", "result":"DeleteReceived", "context":{"id":"3436331f-4185-464e-8449-c114db4ad91f", "isDeleted:":"true", "version":"1698691320190"}}
{"logTime": "1113/175335", "correlationVector":"TnEYyzz7yclRTn62DOBXiT.157","action":"GetUpdates", "result":"DeleteReceived", "context":{"id":"d6fb18f5-d06b-4fbb-a274-8cfd9965eba9", "isDeleted:":"true", "version":"1698691320191"}}
{"logTime": "1113/175335", "correlationVector":"TnEYyzz7yclRTn62DOBXiT.158","action":"GetUpdates", "result":"DeleteReceived", "context":{"id":"93d60244-917d-4003-9a90-489d8ca908fa", "isDeleted:":"true", "version":"1698691320192"}}
{"logTime": "1113/175335", "correlationVector":"TnEYyzz7yclRTn62DOBXiT.159","action":"GetUpdates", "result":"DeleteReceived", "context":{"id":"b847a5de-1cff-4706-a5c8-32a15c8c6728", "isDeleted:":"true", "version":"1698691320193"}}
{"logTime": "1113/175335", "correlationVector":"TnEYyzz7yclRTn62DOBXiT.160","action":"GetUpdates", "result":"DeleteReceived", "context":{"id":"ba3d2ec6-4f18-4fd8-8869-bdf232305084", "isDeleted:":"true", "version":"1698691320194"}}
{"logTime": "1113/175335", "correlationVector":"TnEYyzz7yclRTn62DOBXiT.161","action":"GetUpdates", "result":"DeleteReceived", "context":{"id":"83822d9b-6d03-478d-98d9-7cab59dd969f", "isDeleted:":"true", "version":"1698691320195"}}
{"logTime": "1113/175335", "correlationVector":"TnEYyzz7yclRTn62DOBXiT.162","action":"GetUpdates", "result":"DeleteReceived", "context":{"id":"c7c78ebd-05ce-4748-a10d-da5c2dc40193", "isDeleted:":"true", "version":"1698691320197"}}
{"logTime": "1113/175335", "correlationVector":"TnEYyzz7yclRTn62DOBXiT.163","action":"GetUpdates", "result":"DeleteReceived", "context":{"id":"8daa200a-08f8-41d0-8da5-b459c27df15f", "isDeleted:":"true", "version":"1698691320199"}}
{"logTime": "1113/175335", "correlationVector":"TnEYyzz7yclRTn62DOBXiT.164","action":"GetUpdates", "result":"DeleteReceived", "context":{"id":"16c65da9-66de-4d6c-9d76-a13420c9b183", "isDeleted:":"true", "version":"1698691320200"}}
{"logTime": "1113/175335", "correlationVector":"TnEYyzz7yclRTn62DOBXiT.165","action":"GetUpdates", "result":"DeleteReceived", "context":{"id":"7cc80576-dabb-4620-8803-aa7f302abcd8", "isDeleted:":"true", "version":"1698691320201"}}
{"logTime": "1113/175335", "correlationVector":"TnEYyzz7yclRTn62DOBXiT.166","action":"GetUpdates", "result":"DeleteReceived", "context":{"id":"f7be5ad1-d304-4d52-b316-cf2282948b2a", "isDeleted:":"true", "version":"1698691320202"}}
{"logTime": "1113/175335", "correlationVector":"TnEYyzz7yclRTn62DOBXiT.167","action":"GetUpdates", "result":"DeleteReceived", "context":{"id":"03d7c641-ef7c-4336-9a3e-60f728a4104b", "isDeleted:":"true", "version":"1698691858012"}}
{"logTime": "1113/175335", "correlationVector":"TnEYyzz7yclRTn62DOBXiT.168","action":"GetUpdates", "result":"DeleteReceived", "context":{"id":"8563decd-8727-46d9-a55e-69aed0c00f2b", "isDeleted:":"true", "version":"1698732479833"}}
{"logTime": "1113/175335", "correlationVector":"TnEYyzz7yclRTn62DOBXiT.169","action":"GetUpdates", "result":"DeleteReceived", "context":{"id":"8114d0b6-8204-4597-bed5-5ea2333eb23b", "isDeleted:":"true", "version":"1698732479836"}}
{"logTime": "1113/175335", "correlationVector":"TnEYyzz7yclRTn62DOBXiT.170","action":"GetUpdates", "result":"DeleteReceived", "context":{"id":"d7d93c38-a46e-40bf-b0ee-c04c43b53ab4", "isDeleted:":"true", "version":"1698732479837"}}
{"logTime": "1113/175335", "correlationVector":"TnEYyzz7yclRTn62DOBXiT.171","action":"GetUpdates", "result":"DeleteReceived", "context":{"id":"9fe19585-6341-45c0-aa80-552c5eb87d1a", "isDeleted:":"true", "version":"1698736802513"}}
{"logTime": "1113/175335", "correlationVector":"TnEYyzz7yclRTn62DOBXiT.172","action":"GetUpdates", "result":"DeleteReceived", "context":{"id":"ce3e719c-f815-4e00-8151-3a7f46a659f9", "isDeleted:":"true", "version":"1698737764277"}}
{"logTime": "1113/175335", "correlationVector":"TnEYyzz7yclRTn62DOBXiT.173","action":"GetUpdates", "result":"DeleteReceived", "context":{"id":"15f14702-ab15-48b6-91c2-f1c4fdd5a789", "isDeleted:":"true", "version":"1698747694350"}}
{"logTime": "1113/175335", "correlationVector":"TnEYyzz7yclRTn62DOBXiT.174","action":"GetUpdates", "result":"DeleteReceived", "context":{"id":"5a879178-0de3-48af-95e5-7f22326ce57e", "isDeleted:":"true", "version":"1698768510849"}}
{"logTime": "1113/175335", "correlationVector":"TnEYyzz7yclRTn62DOBXiT.175","action":"GetUpdates", "result":"DeleteReceived", "context":{"id":"c7de2905-36fc-46b9-a4d2-2facb9491e3c", "isDeleted:":"true", "version":"1698773246302"}}
{"logTime": "1113/175335", "correlationVector":"TnEYyzz7yclRTn62DOBXiT.176","action":"GetUpdates", "result":"DeleteReceived", "context":{"id":"18ecaa15-9793-4553-834a-e9ab771405cc", "isDeleted:":"true", "version":"1698773246304"}}
{"logTime": "1113/175335", "correlationVector":"TnEYyzz7yclRTn62DOBXiT.177","action":"GetUpdates", "result":"DeleteReceived", "context":{"id":"c9c87061-788f-477b-b503-ba57c231854c", "isDeleted:":"true", "version":"1698773246305"}}
{"logTime": "1113/175335", "correlationVector":"TnEYyzz7yclRTn62DOBXiT.178","action":"GetUpdates", "result":"DeleteReceived", "context":{"id":"155be5a9-0979-48bb-bb98-476d982112f8", "isDeleted:":"true", "version":"1698776306217"}}
{"logTime": "1113/175335", "correlationVector":"TnEYyzz7yclRTn62DOBXiT.179","action":"GetUpdates", "result":"DeleteReceived", "context":{"id":"dbb6b086-ec60-42b4-8ef8-0f0749e91ecc", "isDeleted:":"true", "version":"1698780636689"}}
{"logTime": "1113/175335", "correlationVector":"TnEYyzz7yclRTn62DOBXiT.180","action":"GetUpdates", "result":"DeleteReceived", "context":{"id":"eb247bca-ebdf-40b8-a360-52e90d79db0e", "isDeleted:":"true", "version":"1698816958069"}}
{"logTime": "1113/175335", "correlationVector":"TnEYyzz7yclRTn62DOBXiT.181","action":"GetUpdates", "result":"DeleteReceived", "context":{"id":"4de9eecb-0b38-4373-abe6-6e1ef3e15eb1", "isDeleted:":"true", "version":"1698839738033"}}
{"logTime": "1113/175335", "correlationVector":"TnEYyzz7yclRTn62DOBXiT.182","action":"GetUpdates", "result":"DeleteReceived", "context":{"id":"6929f0e1-ae25-4fcf-bd7a-f8f48de13774", "isDeleted:":"true", "version":"1698841258663"}}
{"logTime": "1113/175335", "correlationVector":"TnEYyzz7yclRTn62DOBXiT.183","action":"GetUpdates", "result":"DeleteReceived", "context":{"id":"f16612f8-16ab-409a-b3d8-f1b3eaad1fef", "isDeleted:":"true", "version":"1698843072806"}}
{"logTime": "1113/175335", "correlationVector":"TnEYyzz7yclRTn62DOBXiT.184","action":"GetUpdates", "result":"DeleteReceived", "context":{"id":"3f1928eb-1c9a-411d-82ca-690389b86b48", "isDeleted:":"true", "version":"1698845640141"}}
{"logTime": "1113/175335", "correlationVector":"TnEYyzz7yclRTn62DOBXiT.185","action":"GetUpdates", "result":"DeleteReceived", "context":{"id":"ef733b8f-5e21-4c5c-964b-dd90c843b88d", "isDeleted:":"true", "version":"1698949550502"}}
{"logTime": "1113/175335", "correlationVector":"TnEYyzz7yclRTn62DOBXiT.186","action":"GetUpdates", "result":"DeleteReceived", "context":{"id":"0939e32a-0870-4ac4-8c86-bcb896fb493d", "isDeleted:":"true", "version":"1699002815216"}}
{"logTime": "1113/175335", "correlationVector":"TnEYyzz7yclRTn62DOBXiT.187","action":"GetUpdates", "result":"DeleteReceived", "context":{"id":"895e67fb-77e5-433e-91a5-6bc1f21a045c", "isDeleted:":"true", "version":"1699038575522"}}
{"logTime": "1113/175335", "correlationVector":"TnEYyzz7yclRTn62DOBXiT.188","action":"GetUpdates", "result":"DeleteReceived", "context":{"id":"9c932f01-2d20-4318-b1e4-7090f8e9e1f6", "isDeleted:":"true", "version":"1699038575523"}}
{"logTime": "1113/175335", "correlationVector":"TnEYyzz7yclRTn62DOBXiT.189","action":"GetUpdates", "result":"DeleteReceived", "context":{"id":"0797976e-b94a-4636-b851-d17a41f0954b", "isDeleted:":"true", "version":"1699038575524"}}
{"logTime": "1113/175335", "correlationVector":"TnEYyzz7yclRTn62DOBXiT.190","action":"GetUpdates", "result":"DeleteReceived", "context":{"id":"a2c7fb81-10d0-491e-ab02-c1f59d118ae6", "isDeleted:":"true", "version":"1699039633501"}}
{"logTime": "1113/175335", "correlationVector":"TnEYyzz7yclRTn62DOBXiT.191","action":"GetUpdates", "result":"DeleteReceived", "context":{"id":"5c806b65-2fbf-46d5-adcb-ad10ad9520b0", "isDeleted:":"true", "version":"1699041096763"}}
{"logTime": "1113/175335", "correlationVector":"TnEYyzz7yclRTn62DOBXiT.192","action":"GetUpdates", "result":"DeleteReceived", "context":{"id":"33f74595-e515-48a9-929e-7190f45e39d4", "isDeleted:":"true", "version":"1699041930689"}}
{"logTime": "1113/175335", "correlationVector":"TnEYyzz7yclRTn62DOBXiT.193","action":"GetUpdates", "result":"DeleteReceived", "context":{"id":"5f47a4ba-d6f6-4421-a851-dcceb146f405", "isDeleted:":"true", "version":"1699042513377"}}
{"logTime": "1113/175335", "correlationVector":"TnEYyzz7yclRTn62DOBXiT.194","action":"GetUpdates", "result":"DeleteReceived", "context":{"id":"75f6e43c-1b6f-491a-abe3-336e9c0574a5", "isDeleted:":"true", "version":"1699081143769"}}
{"logTime": "1113/175335", "correlationVector":"TnEYyzz7yclRTn62DOBXiT.195","action":"GetUpdates", "result":"DeleteReceived", "context":{"id":"67c0e39b-8270-4b27-b121-3f1058f6917e", "isDeleted:":"true", "version":"1699082203650"}}
{"logTime": "1113/175335", "correlationVector":"TnEYyzz7yclRTn62DOBXiT.196","action":"GetUpdates", "result":"DeleteReceived", "context":{"id":"d5a105b3-7ab8-4a1c-a55b-d39d0f0fcc12", "isDeleted:":"true", "version":"1699083014645"}}
{"logTime": "1113/175335", "correlationVector":"TnEYyzz7yclRTn62DOBXiT.197","action":"GetUpdates", "result":"DeleteReceived", "context":{"id":"d5c0ca80-09f4-4d6e-892f-88ec34262b26", "isDeleted:":"true", "version":"1699083480268"}}
{"logTime": "1113/175335", "correlationVector":"TnEYyzz7yclRTn62DOBXiT.198","action":"GetUpdates", "result":"DeleteReceived", "context":{"id":"cbb98ad1-3172-4fe3-9de6-75e4730e678d", "isDeleted:":"true", "version":"1699083811875"}}
{"logTime": "1113/175335", "correlationVector":"TnEYyzz7yclRTn62DOBXiT.199","action":"GetUpdates", "result":"DeleteReceived", "context":{"id":"512bf030-6255-460e-92bb-4d668784b535", "isDeleted:":"true", "version":"1699084497432"}}
{"logTime": "1113/175335", "correlationVector":"TnEYyzz7yclRTn62DOBXiT.200","action":"GetUpdates", "result":"DeleteReceived", "context":{"id":"de3fb7af-82ed-4146-9735-6fd9b86d7129", "isDeleted:":"true", "version":"1699086464937"}}
{"logTime": "1113/175335", "correlationVector":"TnEYyzz7yclRTn62DOBXiT.201","action":"GetUpdates", "result":"DeleteReceived", "context":{"id":"0df2a911-67c6-46ca-bcab-17c1b3dcc080", "isDeleted:":"true", "version":"1699087181227"}}
{"logTime": "1113/175335", "correlationVector":"TnEYyzz7yclRTn62DOBXiT.202","action":"GetUpdates", "result":"DeleteReceived", "context":{"id":"eaf8c90d-5c78-4105-bfbe-e8aa8aada57f", "isDeleted:":"true", "version":"1699087920613"}}
{"logTime": "1113/175335", "correlationVector":"TnEYyzz7yclRTn62DOBXiT.203","action":"GetUpdates", "result":"DeleteReceived", "context":{"id":"2a647b7e-1f65-4a6f-9581-d55b964719df", "isDeleted:":"true", "version":"1699092060801"}}
{"logTime": "1113/175335", "correlationVector":"TnEYyzz7yclRTn62DOBXiT.204","action":"GetUpdates", "result":"DeleteReceived", "context":{"id":"a09e8334-18f6-446f-80fd-9f3114c6bf7d", "isDeleted:":"true", "version":"1699092896047"}}
{"logTime": "1113/175335", "correlationVector":"TnEYyzz7yclRTn62DOBXiT.205","action":"GetUpdates", "result":"DeleteReceived", "context":{"id":"9d2f1fda-cb7e-43b1-ae56-9a2fc13c9abc", "isDeleted:":"true", "version":"1699093379260"}}
{"logTime": "1113/175335", "correlationVector":"TnEYyzz7yclRTn62DOBXiT.206","action":"GetUpdates", "result":"DeleteReceived", "context":{"id":"b016e6d3-1f28-4da1-8261-3c26e7a53e60", "isDeleted:":"true", "version":"1699094617027"}}
{"logTime": "1113/175335", "correlationVector":"TnEYyzz7yclRTn62DOBXiT.207","action":"GetUpdates", "result":"DeleteReceived", "context":{"id":"aa3b3f15-21f1-4476-a782-edbd0a37b094", "isDeleted:":"true", "version":"1699095770726"}}
{"logTime": "1113/175335", "correlationVector":"TnEYyzz7yclRTn62DOBXiT.208","action":"GetUpdates", "result":"DeleteReceived", "context":{"id":"317c71bd-c69f-4fbf-91dd-37b879f08598", "isDeleted:":"true", "version":"1699097226145"}}
{"logTime": "1113/175335", "correlationVector":"TnEYyzz7yclRTn62DOBXiT.209","action":"GetUpdates", "result":"DeleteReceived", "context":{"id":"158d569b-ee52-4104-9984-28e7cd8b3335", "isDeleted:":"true", "version":"1699112121086"}}
{"logTime": "1113/175335", "correlationVector":"TnEYyzz7yclRTn62DOBXiT.210","action":"GetUpdates", "result":"DeleteReceived", "context":{"id":"57efe042-37d8-4f60-b69c-42272c00051f", "isDeleted:":"true", "version":"1699112424531"}}
{"logTime": "1113/175335", "correlationVector":"TnEYyzz7yclRTn62DOBXiT.211","action":"GetUpdates", "result":"DeleteReceived", "context":{"id":"faa45a96-f06b-4cbd-b77c-ccb884d4414b", "isDeleted:":"true", "version":"1699114927647"}}
{"logTime": "1113/175335", "correlationVector":"TnEYyzz7yclRTn62DOBXiT.212","action":"GetUpdates", "result":"DeleteReceived", "context":{"id":"7e2f901e-6873-4222-b50e-26a1dfc6effd", "isDeleted:":"true", "version":"1699115499010"}}
{"logTime": "1113/175335", "correlationVector":"TnEYyzz7yclRTn62DOBXiT.213","action":"GetUpdates", "result":"DeleteReceived", "context":{"id":"5946a043-5f30-4292-89a8-c66674ee75ff", "isDeleted:":"true", "version":"1699115886432"}}
{"logTime": "1113/175335", "correlationVector":"TnEYyzz7yclRTn62DOBXiT.214","action":"GetUpdates", "result":"DeleteReceived", "context":{"id":"2e5540ae-1551-43e3-add4-644c0f768dd2", "isDeleted:":"true", "version":"1699118832880"}}
{"logTime": "1113/175335", "correlationVector":"TnEYyzz7yclRTn62DOBXiT.215","action":"GetUpdates", "result":"DeleteReceived", "context":{"id":"ee214ebd-b7c7-45e5-aee6-e6716d8fc024", "isDeleted:":"true", "version":"1699119916383"}}
{"logTime": "1113/175335", "correlationVector":"TnEYyzz7yclRTn62DOBXiT.216","action":"GetUpdates", "result":"DeleteReceived", "context":{"id":"3aae03b7-5a7d-4b84-b95b-1f1f7f6ce1fb", "isDeleted:":"true", "version":"1699121162055"}}
{"logTime": "1113/175335", "correlationVector":"TnEYyzz7yclRTn62DOBXiT.217","action":"GetUpdates", "result":"DeleteReceived", "context":{"id":"c0c9b5e9-dd2b-4af4-857f-5facb0450bbd", "isDeleted:":"true", "version":"1699124731734"}}
{"logTime": "1113/175335", "correlationVector":"TnEYyzz7yclRTn62DOBXiT.218","action":"GetUpdates", "result":"DeleteReceived", "context":{"id":"c20f832a-7326-4d8b-b485-9fc83db13749", "isDeleted:":"true", "version":"1699125197947"}}
{"logTime": "1113/175335", "correlationVector":"TnEYyzz7yclRTn62DOBXiT.219","action":"GetUpdates", "result":"DeleteReceived", "context":{"id":"00087dc6-0783-45bb-84d8-8dfd75534e34", "isDeleted:":"true", "version":"1699173066741"}}
{"logTime": "1113/175335", "correlationVector":"TnEYyzz7yclRTn62DOBXiT.220","action":"GetUpdates", "result":"DeleteReceived", "context":{"id":"3e14a126-4080-4fc4-8de9-c2c367038f93", "isDeleted:":"true", "version":"1699173453247"}}
{"logTime": "1113/175335", "correlationVector":"TnEYyzz7yclRTn62DOBXiT.221","action":"GetUpdates", "result":"DeleteReceived", "context":{"id":"13ce9899-3aaa-49f6-809c-5e7d0ba84ba1", "isDeleted:":"true", "version":"1699174320028"}}
{"logTime": "1113/175335", "correlationVector":"TnEYyzz7yclRTn62DOBXiT.222","action":"GetUpdates Response", "result":"SERVER_MORE_TO_DOWNLOAD", "context":Received 250 update(s).  Some updates remain.}
{"logTime": "1113/175335", "correlationVector":"jFwZZKuKd6pC7IwSEXZN+F","action":"Initial GetUpdates", "result":"", "context":Reason: RECONFIGURATION. cV=jFwZZKuKd6pC7IwSEXZN+F}
{"logTime": "1113/175335", "correlationVector":"jFwZZKuKd6pC7IwSEXZN+F.1","action":"SyncServerConnectionManagerRequest", "result":"SYNC_SERVER_OK", "context":{"environment":"Prod_WestEurope_000l", "migrationStage":"NotStarted", "server":"GENERAL01000013"}}
{"logTime": "1113/175335", "correlationVector":"jFwZZKuKd6pC7IwSEXZN+F.2","action":"GetUpdates", "result":"DeleteReceived", "context":{"id":"d0615326-1604-49e2-a061-ec2ce052613c", "isDeleted:":"true", "version":"1699174846972"}}
{"logTime": "1113/175335", "correlationVector":"jFwZZKuKd6pC7IwSEXZN+F.3","action":"GetUpdates", "result":"DeleteReceived", "context":{"id":"d75a0552-3a4c-4469-92cc-e1d4b84520e8", "isDeleted:":"true", "version":"1699266174697"}}
{"logTime": "1113/175335", "correlationVector":"jFwZZKuKd6pC7IwSEXZN+F.4","action":"GetUpdates", "result":"DeleteReceived", "context":{"id":"411d444d-06ad-433f-9899-ae641e6078f9", "isDeleted:":"true", "version":"1699266174698"}}
{"logTime": "1113/175335", "correlationVector":"jFwZZKuKd6pC7IwSEXZN+F.5","action":"GetUpdates", "result":"DeleteReceived", "context":{"id":"e5fb2abd-44b5-43ba-9686-a0f883141cee", "isDeleted:":"true", "version":"1699266174699"}}
{"logTime": "1113/175335", "correlationVector":"jFwZZKuKd6pC7IwSEXZN+F.6","action":"GetUpdates", "result":"DeleteReceived", "context":{"id":"7f8fe59f-19d6-4fcb-bc00-271fb3f450ab", "isDeleted:":"true", "version":"1699266174700"}}
{"logTime": "1113/175335", "correlationVector":"jFwZZKuKd6pC7IwSEXZN+F.7","action":"GetUpdates", "result":"DeleteReceived", "context":{"id":"a9e4acb0-c34c-4ccf-b99d-ba37ea8ef696", "isDeleted:":"true", "version":"1699266174701"}}
{"logTime": "1113/175335", "correlationVector":"jFwZZKuKd6pC7IwSEXZN+F.8","action":"GetUpdates", "result":"DeleteReceived", "context":{"id":"db891990-4786-4372-89e1-6f9e1624386d", "isDeleted:":"true", "version":"1699266174702"}}
{"logTime": "1113/175335", "correlationVector":"jFwZZKuKd6pC7IwSEXZN+F.9","action":"GetUpdates", "result":"DeleteReceived", "context":{"id":"d1634978-e500-477d-b494-07f1c685a84b", "isDeleted:":"true", "version":"1699266174703"}}
{"logTime": "1113/175335", "correlationVector":"jFwZZKuKd6pC7IwSEXZN+F.10","action":"GetUpdates", "result":"DeleteReceived", "context":{"id":"86fc4633-2d8a-46fa-bc07-248e899d67e5", "isDeleted:":"true", "version":"1699266174704"}}
{"logTime": "1113/175335", "correlationVector":"jFwZZKuKd6pC7IwSEXZN+F.11","action":"GetUpdates", "result":"DeleteReceived", "context":{"id":"3e6ad741-545e-4e90-8505-f8f1da61fb13", "isDeleted:":"true", "version":"1699266174705"}}
{"logTime": "1113/175335", "correlationVector":"jFwZZKuKd6pC7IwSEXZN+F.12","action":"GetUpdates", "result":"DeleteReceived", "context":{"id":"5db57ea7-58db-4681-b3dc-0212a248b397", "isDeleted:":"true", "version":"1699266174708"}}
{"logTime": "1113/175335", "correlationVector":"jFwZZKuKd6pC7IwSEXZN+F.13","action":"GetUpdates", "result":"DeleteReceived", "context":{"id":"8f61630c-a579-4896-8c37-92f491ec88f4", "isDeleted:":"true", "version":"1699266174709"}}
{"logTime": "1113/175335", "correlationVector":"jFwZZKuKd6pC7IwSEXZN+F.14","action":"GetUpdates", "result":"DeleteReceived", "context":{"id":"73787a0f-eef3-407e-bd8a-4e33bb1f31db", "isDeleted:":"true", "version":"1699329541175"}}
{"logTime": "1113/175335", "correlationVector":"jFwZZKuKd6pC7IwSEXZN+F.15","action":"GetUpdates", "result":"DeleteReceived", "context":{"id":"f2db2093-3f59-40f6-96a0-fd8e9b9f0e8a", "isDeleted:":"true", "version":"1699338024039"}}
{"logTime": "1113/175335", "correlationVector":"jFwZZKuKd6pC7IwSEXZN+F.16","action":"GetUpdates", "result":"DeleteReceived", "context":{"id":"397753cb-4e94-40a7-8468-9cdd8a3fa54d", "isDeleted:":"true", "version":"1699338024040"}}
{"logTime": "1113/175335", "correlationVector":"jFwZZKuKd6pC7IwSEXZN+F.17","action":"GetUpdates", "result":"DeleteReceived", "context":{"id":"d761ee88-c1e0-475f-a7aa-6511e932e94f", "isDeleted:":"true", "version":"1699338024042"}}
{"logTime": "1113/175335", "correlationVector":"jFwZZKuKd6pC7IwSEXZN+F.18","action":"GetUpdates", "result":"DeleteReceived", "context":{"id":"34a6158c-0513-43d0-bca3-baa8ab749078", "isDeleted:":"true", "version":"1699374293556"}}
{"logTime": "1113/175335", "correlationVector":"jFwZZKuKd6pC7IwSEXZN+F.19","action":"GetUpdates", "result":"DeleteReceived", "context":{"id":"3a4e587c-3ecb-4f83-ac30-7b729d78c488", "isDeleted:":"true", "version":"1699375072447"}}
{"logTime": "1113/175335", "correlationVector":"jFwZZKuKd6pC7IwSEXZN+F.20","action":"GetUpdates", "result":"DeleteReceived", "context":{"id":"8b402720-1130-451d-8819-7cd037b78861", "isDeleted:":"true", "version":"1699465268914"}}
{"logTime": "1113/175335", "correlationVector":"jFwZZKuKd6pC7IwSEXZN+F.21","action":"GetUpdates", "result":"DeleteReceived", "context":{"id":"46fb051d-86f6-4333-8cc1-e11d98360808", "isDeleted:":"true", "version":"1699465268915"}}
{"logTime": "1113/175335", "correlationVector":"jFwZZKuKd6pC7IwSEXZN+F.22","action":"GetUpdates", "result":"DeleteReceived", "context":{"id":"b7450c2e-ff96-4a44-a8e4-459f8fa71352", "isDeleted:":"true", "version":"1699465268916"}}
{"logTime": "1113/175335", "correlationVector":"jFwZZKuKd6pC7IwSEXZN+F.23","action":"GetUpdates", "result":"DeleteReceived", "context":{"id":"0d84ddbf-f681-4126-b432-042cc0de10cd", "isDeleted:":"true", "version":"1699524843011"}}
{"logTime": "1113/175335", "correlationVector":"jFwZZKuKd6pC7IwSEXZN+F.24","action":"GetUpdates", "result":"DeleteReceived", "context":{"id":"42fa3d92-6927-4b81-8540-303f05eefe92", "isDeleted:":"true", "version":"1699525511814"}}
{"logTime": "1113/175335", "correlationVector":"jFwZZKuKd6pC7IwSEXZN+F.25","action":"GetUpdates", "result":"DeleteReceived", "context":{"id":"32799749-f114-45fc-8c4c-a7bd215afa1f", "isDeleted:":"true", "version":"1699526445986"}}
{"logTime": "1113/175335", "correlationVector":"jFwZZKuKd6pC7IwSEXZN+F.26","action":"GetUpdates", "result":"DeleteReceived", "context":{"id":"e7964b42-6f2b-4122-b335-b4d3acbc895f", "isDeleted:":"true", "version":"1699528348101"}}
{"logTime": "1113/175335", "correlationVector":"jFwZZKuKd6pC7IwSEXZN+F.27","action":"GetUpdates", "result":"DeleteReceived", "context":{"id":"c1498d2e-afe1-40d0-ad14-b8e635ce9e9b", "isDeleted:":"true", "version":"1699528765944"}}
{"logTime": "1113/175335", "correlationVector":"jFwZZKuKd6pC7IwSEXZN+F.28","action":"GetUpdates", "result":"DeleteReceived", "context":{"id":"ae672791-d14d-4389-9435-4123caccf3f2", "isDeleted:":"true", "version":"1699529198508"}}
{"logTime": "1113/175335", "correlationVector":"jFwZZKuKd6pC7IwSEXZN+F.29","action":"GetUpdates", "result":"DeleteReceived", "context":{"id":"badd6a86-2e95-4516-9287-df6e8eab6060", "isDeleted:":"true", "version":"1699530145255"}}
{"logTime": "1113/175335", "correlationVector":"jFwZZKuKd6pC7IwSEXZN+F.30","action":"GetUpdates", "result":"DeleteReceived", "context":{"id":"bcbb07aa-7284-44b4-8373-d99a7dcc836c", "isDeleted:":"true", "version":"1699530922085"}}
{"logTime": "1113/175335", "correlationVector":"jFwZZKuKd6pC7IwSEXZN+F.31","action":"GetUpdates", "result":"DeleteReceived", "context":{"id":"1886e929-b428-47ab-a79f-d40b5cbca694", "isDeleted:":"true", "version":"1699531206966"}}
{"logTime": "1113/175335", "correlationVector":"jFwZZKuKd6pC7IwSEXZN+F.32","action":"GetUpdates", "result":"DeleteReceived", "context":{"id":"0a09c13d-b7c5-466a-870c-8be3bd7c4fa8", "isDeleted:":"true", "version":"1699531888246"}}
{"logTime": "1113/175335", "correlationVector":"jFwZZKuKd6pC7IwSEXZN+F.33","action":"GetUpdates", "result":"DeleteReceived", "context":{"id":"6a152d1f-5cb9-41be-aa25-190f56c53e9c", "isDeleted:":"true", "version":"1699532512564"}}
{"logTime": "1113/175335", "correlationVector":"jFwZZKuKd6pC7IwSEXZN+F.34","action":"GetUpdates", "result":"DeleteReceived", "context":{"id":"aae427e0-d813-473a-83fb-58a6e2973e32", "isDeleted:":"true", "version":"1699533035754"}}
{"logTime": "1113/175335", "correlationVector":"jFwZZKuKd6pC7IwSEXZN+F.35","action":"GetUpdates", "result":"DeleteReceived", "context":{"id":"5733b901-e44e-4fd3-93c8-5bd6520100ec", "isDeleted:":"true", "version":"1699533433503"}}
{"logTime": "1113/175335", "correlationVector":"jFwZZKuKd6pC7IwSEXZN+F.36","action":"GetUpdates", "result":"DeleteReceived", "context":{"id":"a1861b74-21f2-4485-b484-8a737f358047", "isDeleted:":"true", "version":"1699534065154"}}
{"logTime": "1113/175335", "correlationVector":"jFwZZKuKd6pC7IwSEXZN+F.37","action":"GetUpdates", "result":"DeleteReceived", "context":{"id":"ea3aed65-f662-4266-9e05-5fba4f5e82a2", "isDeleted:":"true", "version":"1699535199446"}}
{"logTime": "1113/175335", "correlationVector":"jFwZZKuKd6pC7IwSEXZN+F.38","action":"GetUpdates", "result":"DeleteReceived", "context":{"id":"b1bb5f53-bc46-40c2-a0e9-376df53d2fdd", "isDeleted:":"true", "version":"1699535827245"}}
{"logTime": "1113/175335", "correlationVector":"jFwZZKuKd6pC7IwSEXZN+F.39","action":"GetUpdates", "result":"DeleteReceived", "context":{"id":"d060b369-c419-4098-aa82-dd5d089960c7", "isDeleted:":"true", "version":"1699551278179"}}
{"logTime": "1113/175335", "correlationVector":"jFwZZKuKd6pC7IwSEXZN+F.40","action":"GetUpdates", "result":"DeleteReceived", "context":{"id":"4bf706f3-79c7-486f-9676-35e6558cb118", "isDeleted:":"true", "version":"1699551278180"}}
{"logTime": "1113/175335", "correlationVector":"jFwZZKuKd6pC7IwSEXZN+F.41","action":"GetUpdates", "result":"DeleteReceived", "context":{"id":"626ae950-f51e-4079-8b05-58a521167ef8", "isDeleted:":"true", "version":"1699551278181"}}
{"logTime": "1113/175335", "correlationVector":"jFwZZKuKd6pC7IwSEXZN+F.42","action":"GetUpdates", "result":"DeleteReceived", "context":{"id":"f929ad90-5f0b-449b-9175-b38c266a6b4c", "isDeleted:":"true", "version":"1699557215053"}}
{"logTime": "1113/175335", "correlationVector":"jFwZZKuKd6pC7IwSEXZN+F.43","action":"GetUpdates", "result":"DeleteReceived", "context":{"id":"2a10858e-2afa-4fd5-9758-e0e27ba1510a", "isDeleted:":"true", "version":"1699557215055"}}
{"logTime": "1113/175335", "correlationVector":"jFwZZKuKd6pC7IwSEXZN+F.44","action":"GetUpdates", "result":"DeleteReceived", "context":{"id":"2cafd0f7-39d8-4f32-9b63-c14aeff2a422", "isDeleted:":"true", "version":"1699557215056"}}
{"logTime": "1113/175335", "correlationVector":"jFwZZKuKd6pC7IwSEXZN+F.45","action":"GetUpdates", "result":"DeleteReceived", "context":{"id":"9033c8f3-2e31-41e6-9d10-fcf95e3ed943", "isDeleted:":"true", "version":"1699557369504"}}
{"logTime": "1113/175335", "correlationVector":"jFwZZKuKd6pC7IwSEXZN+F.46","action":"GetUpdates", "result":"DeleteReceived", "context":{"id":"48479eea-dfcd-4e88-9fcb-12bc2e805763", "isDeleted:":"true", "version":"1699558263039"}}
{"logTime": "1113/175335", "correlationVector":"jFwZZKuKd6pC7IwSEXZN+F.47","action":"GetUpdates", "result":"DeleteReceived", "context":{"id":"c168c48b-2029-4e2f-9232-f0fddade9853", "isDeleted:":"true", "version":"1699559561200"}}
{"logTime": "1113/175335", "correlationVector":"jFwZZKuKd6pC7IwSEXZN+F.48","action":"GetUpdates", "result":"DeleteReceived", "context":{"id":"ba24c877-1d01-4d01-8a55-6f87dc3cc1bb", "isDeleted:":"true", "version":"1699596081021"}}
{"logTime": "1113/175335", "correlationVector":"jFwZZKuKd6pC7IwSEXZN+F.49","action":"GetUpdates", "result":"DeleteReceived", "context":{"id":"b22b1822-903a-4fe0-b3ac-1dedac2c7dae", "isDeleted:":"true", "version":"1699596973972"}}
{"logTime": "1113/175335", "correlationVector":"jFwZZKuKd6pC7IwSEXZN+F.50","action":"GetUpdates", "result":"DeleteReceived", "context":{"id":"6c09d542-01b3-4c28-a394-caa6c5e1547f", "isDeleted:":"true", "version":"1699598035928"}}
{"logTime": "1113/175335", "correlationVector":"jFwZZKuKd6pC7IwSEXZN+F.51","action":"GetUpdates", "result":"DeleteReceived", "context":{"id":"78bf24c6-0f7c-4ec5-88c4-bdbae3daecc2", "isDeleted:":"true", "version":"1699598412970"}}
{"logTime": "1113/175335", "correlationVector":"jFwZZKuKd6pC7IwSEXZN+F.52","action":"GetUpdates", "result":"DeleteReceived", "context":{"id":"03dcfced-3e45-4ba2-bcfe-b4079a27a455", "isDeleted:":"true", "version":"1699598819788"}}
{"logTime": "1113/175335", "correlationVector":"jFwZZKuKd6pC7IwSEXZN+F.53","action":"GetUpdates", "result":"DeleteReceived", "context":{"id":"dbd2018e-a5eb-403f-bf35-f57c23d5aab1", "isDeleted:":"true", "version":"1699599656361"}}
{"logTime": "1113/175335", "correlationVector":"jFwZZKuKd6pC7IwSEXZN+F.54","action":"GetUpdates", "result":"DeleteReceived", "context":{"id":"88ac860d-3ec8-466a-85bd-acefbec1ea16", "isDeleted:":"true", "version":"1699600495702"}}
{"logTime": "1113/175335", "correlationVector":"jFwZZKuKd6pC7IwSEXZN+F.55","action":"GetUpdates", "result":"DeleteReceived", "context":{"id":"3b17e0a5-6d52-4d56-85e1-91ff9848cb5a", "isDeleted:":"true", "version":"1699600683639"}}
{"logTime": "1113/175335", "correlationVector":"jFwZZKuKd6pC7IwSEXZN+F.56","action":"GetUpdates", "result":"DeleteReceived", "context":{"id":"5386100b-738d-4792-b91f-b401471d4b10", "isDeleted:":"true", "version":"1699601383411"}}
{"logTime": "1113/175335", "correlationVector":"jFwZZKuKd6pC7IwSEXZN+F.57","action":"GetUpdates", "result":"DeleteReceived", "context":{"id":"160f927f-d4be-4808-9611-7fdd2d63c7f2", "isDeleted:":"true", "version":"1699601995363"}}
{"logTime": "1113/175335", "correlationVector":"jFwZZKuKd6pC7IwSEXZN+F.58","action":"GetUpdates", "result":"DeleteReceived", "context":{"id":"02268856-706d-4106-9f74-bcd625d2da18", "isDeleted:":"true", "version":"1699602435403"}}
{"logTime": "1113/175335", "correlationVector":"jFwZZKuKd6pC7IwSEXZN+F.59","action":"GetUpdates", "result":"DeleteReceived", "context":{"id":"b178fd00-dbfe-47b9-a5ee-1cf03e26d430", "isDeleted:":"true", "version":"1699603059477"}}
{"logTime": "1113/175335", "correlationVector":"jFwZZKuKd6pC7IwSEXZN+F.60","action":"GetUpdates", "result":"DeleteReceived", "context":{"id":"6cf3b5e7-4ff4-44b8-bdf6-9923da372820", "isDeleted:":"true", "version":"1699605152026"}}
{"logTime": "1113/175335", "correlationVector":"jFwZZKuKd6pC7IwSEXZN+F.61","action":"GetUpdates", "result":"DeleteReceived", "context":{"id":"fa34aec3-c90d-483f-b1a8-d0e458e2dbfa", "isDeleted:":"true", "version":"1699605152027"}}
{"logTime": "1113/175335", "correlationVector":"jFwZZKuKd6pC7IwSEXZN+F.62","action":"GetUpdates", "result":"DeleteReceived", "context":{"id":"3f8c6d06-4eb4-4321-8839-cb510aafc36f", "isDeleted:":"true", "version":"1699605152030"}}
{"logTime": "1113/175335", "correlationVector":"jFwZZKuKd6pC7IwSEXZN+F.63","action":"GetUpdates", "result":"DeleteReceived", "context":{"id":"35db7d05-c47b-4366-958c-73901965d0e5", "isDeleted:":"true", "version":"1699605538435"}}
{"logTime": "1113/175335", "correlationVector":"jFwZZKuKd6pC7IwSEXZN+F.64","action":"GetUpdates", "result":"DeleteReceived", "context":{"id":"0db85e53-1870-40f8-86db-314a38edf8c5", "isDeleted:":"true", "version":"1699606102032"}}
{"logTime": "1113/175335", "correlationVector":"jFwZZKuKd6pC7IwSEXZN+F.65","action":"GetUpdates", "result":"DeleteReceived", "context":{"id":"bbc4dc59-dfcb-4b2c-ba73-b4ce11f81868", "isDeleted:":"true", "version":"1699611360462"}}
{"logTime": "1113/175335", "correlationVector":"jFwZZKuKd6pC7IwSEXZN+F.66","action":"GetUpdates", "result":"DeleteReceived", "context":{"id":"db1972d5-5469-4f1d-a0dc-08f59c28ca15", "isDeleted:":"true", "version":"1699611868104"}}
{"logTime": "1113/175335", "correlationVector":"jFwZZKuKd6pC7IwSEXZN+F.67","action":"GetUpdates", "result":"DeleteReceived", "context":{"id":"45dbbfb3-f953-4b78-896d-46e55f79d2da", "isDeleted:":"true", "version":"1699612268405"}}
{"logTime": "1113/175335", "correlationVector":"jFwZZKuKd6pC7IwSEXZN+F.68","action":"GetUpdates", "result":"DeleteReceived", "context":{"id":"a75c99ed-16c5-4305-be74-ae3ae080e47c", "isDeleted:":"true", "version":"1699613228869"}}
{"logTime": "1113/175335", "correlationVector":"jFwZZKuKd6pC7IwSEXZN+F.69","action":"GetUpdates", "result":"DeleteReceived", "context":{"id":"4f093e79-84a6-4f45-9414-22bb279dd5c9", "isDeleted:":"true", "version":"1699613542013"}}
{"logTime": "1113/175335", "correlationVector":"jFwZZKuKd6pC7IwSEXZN+F.70","action":"GetUpdates", "result":"DeleteReceived", "context":{"id":"0bae5ef5-555c-4d97-99df-f440fa08c373", "isDeleted:":"true", "version":"1699614777595"}}
{"logTime": "1113/175335", "correlationVector":"jFwZZKuKd6pC7IwSEXZN+F.71","action":"GetUpdates", "result":"DeleteReceived", "context":{"id":"39769e21-28bd-4234-ae68-eecb107a5b84", "isDeleted:":"true", "version":"1699616163417"}}
{"logTime": "1113/175335", "correlationVector":"jFwZZKuKd6pC7IwSEXZN+F.72","action":"GetUpdates", "result":"DeleteReceived", "context":{"id":"b308698e-cd0e-4ba0-818c-0a21189c5afb", "isDeleted:":"true", "version":"1699621173221"}}
{"logTime": "1113/175335", "correlationVector":"jFwZZKuKd6pC7IwSEXZN+F.73","action":"GetUpdates", "result":"DeleteReceived", "context":{"id":"1f5ba79e-6ae0-469c-b346-c2734efdbd90", "isDeleted:":"true", "version":"1699622572481"}}
{"logTime": "1113/175335", "correlationVector":"jFwZZKuKd6pC7IwSEXZN+F.74","action":"GetUpdates", "result":"DeleteReceived", "context":{"id":"9cedc484-eaec-4d69-944d-2f0478d8bb0b", "isDeleted:":"true", "version":"1699787582078"}}
{"logTime": "1113/175335", "correlationVector":"jFwZZKuKd6pC7IwSEXZN+F.75","action":"GetUpdates", "result":"DeleteReceived", "context":{"id":"f0a73646-e1c5-4abb-8a54-b24a1422d040", "isDeleted:":"true", "version":"1699787582079"}}
{"logTime": "1113/175335", "correlationVector":"jFwZZKuKd6pC7IwSEXZN+F.76","action":"GetUpdates", "result":"DeleteReceived", "context":{"id":"7ef91002-b3ec-46c8-afe9-fdcc3a8c343f", "isDeleted:":"true", "version":"1699787582080"}}
{"logTime": "1113/175335", "correlationVector":"jFwZZKuKd6pC7IwSEXZN+F.77","action":"GetUpdates", "result":"DeleteReceived", "context":{"id":"d0d6fca9-e8a5-4881-bc47-c1a95d3da1be", "isDeleted:":"true", "version":"1699787582081"}}
{"logTime": "1113/175335", "correlationVector":"jFwZZKuKd6pC7IwSEXZN+F.78","action":"GetUpdates", "result":"DeleteReceived", "context":{"id":"005ae2e1-9096-45b4-a264-fe1d17f9e778", "isDeleted:":"true", "version":"1699787582082"}}
{"logTime": "1113/175335", "correlationVector":"jFwZZKuKd6pC7IwSEXZN+F.79","action":"GetUpdates", "result":"DeleteReceived", "context":{"id":"81fa759d-ff26-41ac-aad0-1ad9b1155bd9", "isDeleted:":"true", "version":"1699787582083"}}
{"logTime": "1113/175335", "correlationVector":"jFwZZKuKd6pC7IwSEXZN+F.80","action":"GetUpdates", "result":"DeleteReceived", "context":{"id":"47bcfc77-98b1-4974-b2e6-1982804f9958", "isDeleted:":"true", "version":"1699787582084"}}
{"logTime": "1113/175335", "correlationVector":"jFwZZKuKd6pC7IwSEXZN+F.81","action":"GetUpdates", "result":"DeleteReceived", "context":{"id":"e31d8cdf-5dbc-40aa-a203-3e4b82a944e5", "isDeleted:":"true", "version":"1699787582086"}}
{"logTime": "1113/175335", "correlationVector":"jFwZZKuKd6pC7IwSEXZN+F.82","action":"GetUpdates", "result":"DeleteReceived", "context":{"id":"bc1bb54a-f25f-4323-9c16-8017eb063fcf", "isDeleted:":"true", "version":"1699787582087"}}
{"logTime": "1113/175335", "correlationVector":"jFwZZKuKd6pC7IwSEXZN+F.83","action":"GetUpdates", "result":"DeleteReceived", "context":{"id":"d911eda2-40e5-46d6-a2fb-ff449b422e5d", "isDeleted:":"true", "version":"1699787582088"}}
{"logTime": "1113/175335", "correlationVector":"jFwZZKuKd6pC7IwSEXZN+F.84","action":"GetUpdates", "result":"DeleteReceived", "context":{"id":"c98dcaca-d16a-4a94-a10e-47df8dc72f2b", "isDeleted:":"true", "version":"1699787582089"}}
{"logTime": "1113/175335", "correlationVector":"jFwZZKuKd6pC7IwSEXZN+F.85","action":"GetUpdates", "result":"DeleteReceived", "context":{"id":"4e35921f-c8a4-4e28-8159-9e204edd474c", "isDeleted:":"true", "version":"1699787582090"}}
{"logTime": "1113/175335", "correlationVector":"jFwZZKuKd6pC7IwSEXZN+F.86","action":"GetUpdates", "result":"DeleteReceived", "context":{"id":"71ec651e-ed01-4c52-b577-c1acbc6211c2", "isDeleted:":"true", "version":"1699787582091"}}
{"logTime": "1113/175335", "correlationVector":"jFwZZKuKd6pC7IwSEXZN+F.87","action":"GetUpdates", "result":"DeleteReceived", "context":{"id":"b6480292-d477-417f-9334-1f9da7ed5a2b", "isDeleted:":"true", "version":"1699787582092"}}
{"logTime": "1113/175335", "correlationVector":"jFwZZKuKd6pC7IwSEXZN+F.88","action":"GetUpdates", "result":"DeleteReceived", "context":{"id":"a0c2c550-c639-47b9-90b6-881c80c8c239", "isDeleted:":"true", "version":"1699787582093"}}
{"logTime": "1113/175335", "correlationVector":"jFwZZKuKd6pC7IwSEXZN+F.89","action":"GetUpdates", "result":"DeleteReceived", "context":{"id":"a890ab29-18d9-464b-abd5-654c5130f581", "isDeleted:":"true", "version":"1699787582094"}}
{"logTime": "1113/175335", "correlationVector":"jFwZZKuKd6pC7IwSEXZN+F.90","action":"GetUpdates", "result":"DeleteReceived", "context":{"id":"6d0cd96f-ca1d-491a-9b94-6f040fe3bf3b", "isDeleted:":"true", "version":"1699787582096"}}
{"logTime": "1113/175335", "correlationVector":"jFwZZKuKd6pC7IwSEXZN+F.91","action":"GetUpdates", "result":"DeleteReceived", "context":{"id":"7241c1c4-6403-47c9-bc77-4e390cd70612", "isDeleted:":"true", "version":"1699791231418"}}
{"logTime": "1113/175335", "correlationVector":"jFwZZKuKd6pC7IwSEXZN+F.92","action":"GetUpdates", "result":"DeleteReceived", "context":{"id":"508fcb3f-2c29-45d8-a1f2-e5f9328baba3", "isDeleted:":"true", "version":"1699791907866"}}
{"logTime": "1113/175335", "correlationVector":"jFwZZKuKd6pC7IwSEXZN+F.93","action":"GetUpdates", "result":"DeleteReceived", "context":{"id":"e1bac3f9-c04d-44ca-9727-e744a0d94d63", "isDeleted:":"true", "version":"1699811544067"}}
{"logTime": "1113/175335", "correlationVector":"jFwZZKuKd6pC7IwSEXZN+F.94","action":"GetUpdates", "result":"DeleteReceived", "context":{"id":"6d95cb88-3f37-47e7-b0f6-a89048ad78c1", "isDeleted:":"true", "version":"1699812780270"}}
{"logTime": "1113/175335", "correlationVector":"jFwZZKuKd6pC7IwSEXZN+F.95","action":"GetUpdates", "result":"DeleteReceived", "context":{"id":"1f1eb81d-4282-4532-b9bd-d594d9300cc5", "isDeleted:":"true", "version":"1699813711579"}}
{"logTime": "1113/175335", "correlationVector":"jFwZZKuKd6pC7IwSEXZN+F.96","action":"GetUpdates", "result":"DeleteReceived", "context":{"id":"6fd807cd-0798-41f0-a8aa-2b5e287eb740", "isDeleted:":"true", "version":"1699815517190"}}
{"logTime": "1113/175335", "correlationVector":"jFwZZKuKd6pC7IwSEXZN+F.97","action":"GetUpdates", "result":"DeleteReceived", "context":{"id":"07539836-9f10-464d-9c3b-6284dafcea14", "isDeleted:":"true", "version":"1699816140342"}}
{"logTime": "1113/175335", "correlationVector":"jFwZZKuKd6pC7IwSEXZN+F.98","action":"GetUpdates", "result":"DeleteReceived", "context":{"id":"f8789684-c5f8-4a35-920e-20b6ed79997e", "isDeleted:":"true", "version":"1699816642069"}}
{"logTime": "1113/175335", "correlationVector":"jFwZZKuKd6pC7IwSEXZN+F.99","action":"GetUpdates", "result":"DeleteReceived", "context":{"id":"541b1996-5588-4548-807d-b28f3a10ddf6", "isDeleted:":"true", "version":"1699817239929"}}
{"logTime": "1113/175335", "correlationVector":"jFwZZKuKd6pC7IwSEXZN+F.100","action":"GetUpdates Response", "result":"SYNCER_OK", "context":Received 106 update(s). cV=jFwZZKuKd6pC7IwSEXZN+F.0;server=GENERAL01000013;cloudType=Consumer;environment=Prod_WestEurope_000l;migrationStage=NotStarted}
{"logTime": "1113/175335", "correlationVector":"OxdBydnk4HyPAgk4rVkHbV","action":"Normal GetUpdate request", "result":"", "context":cV=OxdBydnk4HyPAgk4rVkHbV
Nudged types: Sessions, Device Info
Refresh requested types: Bookmarks, Preferences, Passwords, Autofill Profiles, Autofill, Autofill Custom Data, Typed URLs, Extensions, Sessions, Extension settings, History Delete Directives, Device Info, User Consents, Send Tab To Self, Web Apps, Collection, Edge E Drop, Edge Hub App Usage, Edge Wallet, Encryption Keys}
{"logTime": "1113/175336", "correlationVector":"OxdBydnk4HyPAgk4rVkHbV.1","action":"SyncServerConnectionManagerRequest", "result":"SYNC_SERVER_OK", "context":{"environment":"Prod_WestEurope_000l", "migrationStage":"NotStarted", "server":"GENERAL0100001A"}}
{"logTime": "1113/175336", "correlationVector":"OxdBydnk4HyPAgk4rVkHbV.2","action":"GetUpdates Response", "result":"SYNCER_OK", "context":Received 0 update(s). cV=OxdBydnk4HyPAgk4rVkHbV.0;server=GENERAL0100001A;cloudType=Consumer;environment=Prod_WestEurope_000l;migrationStage=NotStarted}
{"logTime": "1113/175336", "correlationVector":"y0RNXaqk7Kc9FRJB1S4EmM","action":"Commit Request", "result":"", "context":Item count: 1
Contributing types: Device Info}
{"logTime": "1113/175336", "correlationVector":"y0RNXaqk7Kc9FRJB1S4EmM.1","action":"SyncServerConnectionManagerRequest", "result":"SYNC_SERVER_OK", "context":{"environment":"Prod_WestEurope_000l", "migrationStage":"NotStarted", "server":"GENERAL0100000Q"}}
{"logTime": "1113/175336", "correlationVector":"y0RNXaqk7Kc9FRJB1S4EmM.2","action":"Commit Response", "result":"SYNCER_OK", "context":Result: SYNCER_OK. cV=y0RNXaqk7Kc9FRJB1S4EmM.0;server=GENERAL0100000Q;cloudType=Consumer;environment=Prod_WestEurope_000l;migrationStage=NotStarted}
{"logTime": "1113/175336", "correlationVector":"gPWuGKpiaw1N26+eDyrbH3","action":"Commit Request", "result":"", "context":Item count: 2
Contributing types: Sessions}
{"logTime": "1113/175336", "correlationVector":"gPWuGKpiaw1N26+eDyrbH3.1","action":"SyncServerConnectionManagerRequest", "result":"SYNC_SERVER_OK", "context":{"environment":"Prod_WestEurope_000l", "migrationStage":"NotStarted", "server":"GENERAL0100001B"}}
{"logTime": "1113/175336", "correlationVector":"gPWuGKpiaw1N26+eDyrbH3.2","action":"Commit Response", "result":"SYNCER_OK", "context":Result: SYNCER_OK. cV=gPWuGKpiaw1N26+eDyrbH3.0;server=GENERAL0100001B;cloudType=Consumer;environment=Prod_WestEurope_000l;migrationStage=NotStarted}
{"logTime": "1113/175336", "correlationVector":"Ro8FnQvpD1/SkXAq9LVBdc","action":"Commit Request", "result":"", "context":Item count: 1
Contributing types: Edge Hub App Usage}
{"logTime": "1113/175336", "correlationVector":"Ro8FnQvpD1/SkXAq9LVBdc.1","action":"SyncServerConnectionManagerRequest", "result":"SYNC_SERVER_OK", "context":{"environment":"Prod_WestEurope_x00e", "migrationStage":"NotStarted", "server":"GENERAL0100002L"}}
{"logTime": "1113/175336", "correlationVector":"Ro8FnQvpD1/SkXAq9LVBdc.2","action":"Commit Response", "result":"SYNCER_OK", "context":Result: SYNCER_OK. cV=Ro8FnQvpD1/SkXAq9LVBdc.0;server=GENERAL0100002L;cloudType=Consumer;environment=Prod_WestEurope_x00e;migrationStage=NotStarted}
